2026-01-05T04:03:22.026Z - Path: /invoices - Status: 400 - Error: {"response":{"message":["items.0.description should not be empty"],"error":"Bad Request","statusCode":400},"status":400,"options":{},"message":"Bad Request Exception","name":"BadRequestException"}
2026-01-05T04:03:39.012Z - Path: /invoices - Status: 400 - Error: {"response":{"message":["items.0.description should not be empty"],"error":"Bad Request","statusCode":400},"status":400,"options":{},"message":"Bad Request Exception","name":"BadRequestException"}
2026-01-05T04:05:45.345Z - Path: /invoices - Status: 400 - Error: {"response":{"message":["items.0.description should not be empty"],"error":"Bad Request","statusCode":400},"status":400,"options":{},"message":"Bad Request Exception","name":"BadRequestException"}
2026-01-05T04:06:41.984Z - Path: /invoices - Status: 400 - Error: {"response":{"message":["items.0.description should not be empty"],"error":"Bad Request","statusCode":400},"status":400,"options":{},"message":"Bad Request Exception","name":"BadRequestException"}
2026-01-05T04:07:02.507Z - Path: /invoices - Status: 400 - Error: {"response":{"message":["items.0.description should not be empty"],"error":"Bad Request","statusCode":400},"status":400,"options":{},"message":"Bad Request Exception","name":"BadRequestException"}
2026-01-05T04:07:12.432Z - Path: /invoices - Status: 400 - Error: {"response":{"message":["items.0.description should not be empty"],"error":"Bad Request","statusCode":400},"status":400,"options":{},"message":"Bad Request Exception","name":"BadRequestException"}
2026-01-05T04:08:03.662Z - Path: /invoices - Status: 400 - Error: {"response":{"message":["items.0.description should not be empty"],"error":"Bad Request","statusCode":400},"status":400,"options":{},"message":"Bad Request Exception","name":"BadRequestException"}
2026-01-05T04:08:08.074Z - Path: /invoices - Status: 400 - Error: {"response":{"message":["items.0.description should not be empty"],"error":"Bad Request","statusCode":400},"status":400,"options":{},"message":"Bad Request Exception","name":"BadRequestException"}
2026-01-05T04:09:00.207Z - Path: /invoices - Status: 400 - Error: {"response":{"message":["items.0.description should not be empty"],"error":"Bad Request","statusCode":400},"status":400,"options":{},"message":"Bad Request Exception","name":"BadRequestException"}
2026-01-05T04:09:10.874Z - Path: /invoices - Status: 400 - Error: {"response":{"message":["items.0.description should not be empty"],"error":"Bad Request","statusCode":400},"status":400,"options":{},"message":"Bad Request Exception","name":"BadRequestException"}
2026-01-05T04:09:24.599Z - Path: /invoices - Status: 400 - Error: {"response":{"message":["items.0.description should not be empty"],"error":"Bad Request","statusCode":400},"status":400,"options":{},"message":"Bad Request Exception","name":"BadRequestException"}
2026-01-05T04:09:36.565Z - Path: /invoices - Status: 400 - Error: {"response":{"message":["items.0.description should not be empty"],"error":"Bad Request","statusCode":400},"status":400,"options":{},"message":"Bad Request Exception","name":"BadRequestException"}
2026-01-05T04:09:40.081Z - Path: /invoices - Status: 400 - Error: {"response":{"message":["items.0.description should not be empty"],"error":"Bad Request","statusCode":400},"status":400,"options":{},"message":"Bad Request Exception","name":"BadRequestException"}
2026-01-05T04:10:42.176Z - Path: /invoices - Status: 400 - Error: {"response":{"message":["items.0.description should not be empty"],"error":"Bad Request","statusCode":400},"status":400,"options":{},"message":"Bad Request Exception","name":"BadRequestException"}
2026-01-05T05:59:53.068Z - Path: /invoices/695b3f1fba03bd807fe35332 - Status: 401 - Error: {"response":{"message":"Unauthorized","statusCode":401},"status":401,"options":{},"message":"Unauthorized","name":"UnauthorizedException"}
2026-01-05T06:00:01.529Z - Path: /invoices/695b2969d668ffbb2414e831 - Status: 401 - Error: {"response":{"message":"Unauthorized","statusCode":401},"status":401,"options":{},"message":"Unauthorized","name":"UnauthorizedException"}
2026-01-05T06:00:12.165Z - Path: /invoices/695b3f1fba03bd807fe35332 - Status: 401 - Error: {"response":{"message":"Unauthorized","statusCode":401},"status":401,"options":{},"message":"Unauthorized","name":"UnauthorizedException"}
2026-01-05T06:00:34.276Z - Path: /invoices/695b3f1fba03bd807fe35332 - Status: 401 - Error: {"response":{"message":"Unauthorized","statusCode":401},"status":401,"options":{},"message":"Unauthorized","name":"UnauthorizedException"}
2026-01-05T14:49:30.075Z - Path: /invoices/695bcf6b55051595bf7e3e27 - Status: 401 - Error: {"response":{"message":"Unauthorized","statusCode":401},"status":401,"options":{},"message":"Unauthorized","name":"UnauthorizedException"}
2026-01-05T16:16:16.265Z - Path: /auth/login - Status: 401 - Error: {"response":{"message":"Identifiants invalides","error":"Unauthorized","statusCode":401},"status":401,"options":{},"message":"Identifiants invalides","name":"UnauthorizedException"}
2026-01-05T16:23:10.129Z - Path: /invoices/695b39d0bf84f423204c84b7/pdf - Status: 500 - Error: {}
2026-01-05T16:23:14.920Z - Path: /invoices/695b39d0bf84f423204c84b7/pdf - Status: 500 - Error: {}
2026-01-05T16:31:07.346Z - Path: /invoices/695b39d0bf84f423204c84b7/pdf - Status: 500 - Error: {}
2026-01-05T16:31:10.382Z - Path: /invoices/695b39d0bf84f423204c84b7/pdf - Status: 500 - Error: {}
2026-01-05T16:56:24.829Z - Path: /accounting/stats?year=2026 - Status: 404 - Error: {"response":{"message":"Cannot GET /accounting/stats?year=2026","error":"Not Found","statusCode":404},"status":404,"options":{},"message":"Cannot GET /accounting/stats?year=2026","name":"NotFoundException"}
2026-01-05T16:56:24.833Z - Path: /accounting/stats?year=2026 - Status: 404 - Error: {"response":{"message":"Cannot GET /accounting/stats?year=2026","error":"Not Found","statusCode":404},"status":404,"options":{},"message":"Cannot GET /accounting/stats?year=2026","name":"NotFoundException"}
2026-01-05T16:57:44.050Z - Path: /accounting/stats?year=2026 - Status: 404 - Error: {"response":{"message":"Cannot GET /accounting/stats?year=2026","error":"Not Found","statusCode":404},"status":404,"options":{},"message":"Cannot GET /accounting/stats?year=2026","name":"NotFoundException"}
2026-01-05T16:57:44.059Z - Path: /accounting/stats?year=2026 - Status: 404 - Error: {"response":{"message":"Cannot GET /accounting/stats?year=2026","error":"Not Found","statusCode":404},"status":404,"options":{},"message":"Cannot GET /accounting/stats?year=2026","name":"NotFoundException"}
2026-01-05T16:58:09.832Z - Path: /accounting/stats?year=2026 - Status: 404 - Error: {"response":{"message":"Cannot GET /accounting/stats?year=2026","error":"Not Found","statusCode":404},"status":404,"options":{},"message":"Cannot GET /accounting/stats?year=2026","name":"NotFoundException"}
2026-01-05T16:58:10.751Z - Path: /accounting/stats?year=2026 - Status: 404 - Error: {"response":{"message":"Cannot GET /accounting/stats?year=2026","error":"Not Found","statusCode":404},"status":404,"options":{},"message":"Cannot GET /accounting/stats?year=2026","name":"NotFoundException"}
2026-01-05T16:58:10.883Z - Path: /accounting/stats?year=2026 - Status: 404 - Error: {"response":{"message":"Cannot GET /accounting/stats?year=2026","error":"Not Found","statusCode":404},"status":404,"options":{},"message":"Cannot GET /accounting/stats?year=2026","name":"NotFoundException"}
2026-01-05T16:58:11.081Z - Path: /accounting/stats?year=2026 - Status: 404 - Error: {"response":{"message":"Cannot GET /accounting/stats?year=2026","error":"Not Found","statusCode":404},"status":404,"options":{},"message":"Cannot GET /accounting/stats?year=2026","name":"NotFoundException"}
2026-01-05T16:59:16.733Z - Path: /accounting/journal?limit=50 - Status: 404 - Error: {"response":{"message":"Cannot GET /accounting/journal?limit=50","error":"Not Found","statusCode":404},"status":404,"options":{},"message":"Cannot GET /accounting/journal?limit=50","name":"NotFoundException"}
2026-01-05T16:59:16.735Z - Path: /accounting/stats?year=2026 - Status: 404 - Error: {"response":{"message":"Cannot GET /accounting/stats?year=2026","error":"Not Found","statusCode":404},"status":404,"options":{},"message":"Cannot GET /accounting/stats?year=2026","name":"NotFoundException"}
2026-01-05T16:59:16.739Z - Path: /accounting/journal?limit=50 - Status: 404 - Error: {"response":{"message":"Cannot GET /accounting/journal?limit=50","error":"Not Found","statusCode":404},"status":404,"options":{},"message":"Cannot GET /accounting/journal?limit=50","name":"NotFoundException"}
2026-01-05T16:59:16.742Z - Path: /accounting/stats?year=2026 - Status: 404 - Error: {"response":{"message":"Cannot GET /accounting/stats?year=2026","error":"Not Found","statusCode":404},"status":404,"options":{},"message":"Cannot GET /accounting/stats?year=2026","name":"NotFoundException"}
2026-01-05T17:01:27.927Z - Path: /accounting/journal?limit=50 - Status: 404 - Error: {"response":{"message":"Cannot GET /accounting/journal?limit=50","error":"Not Found","statusCode":404},"status":404,"options":{},"message":"Cannot GET /accounting/journal?limit=50","name":"NotFoundException"}
2026-01-05T17:01:27.929Z - Path: /accounting/stats?year=2026 - Status: 404 - Error: {"response":{"message":"Cannot GET /accounting/stats?year=2026","error":"Not Found","statusCode":404},"status":404,"options":{},"message":"Cannot GET /accounting/stats?year=2026","name":"NotFoundException"}
2026-01-05T17:01:27.931Z - Path: /accounting/journal?limit=50 - Status: 404 - Error: {"response":{"message":"Cannot GET /accounting/journal?limit=50","error":"Not Found","statusCode":404},"status":404,"options":{},"message":"Cannot GET /accounting/journal?limit=50","name":"NotFoundException"}
2026-01-05T17:01:27.934Z - Path: /accounting/stats?year=2026 - Status: 404 - Error: {"response":{"message":"Cannot GET /accounting/stats?year=2026","error":"Not Found","statusCode":404},"status":404,"options":{},"message":"Cannot GET /accounting/stats?year=2026","name":"NotFoundException"}
2026-01-05T17:01:31.950Z - Path: /companies/me - Status: 400 - Error: {"response":{"message":["address must be a string"],"error":"Bad Request","statusCode":400},"status":400,"options":{},"message":"Bad Request Exception","name":"BadRequestException"}
2026-01-05T17:03:20.420Z - Path: /companies/me - Status: 400 - Error: {"response":{"message":["address must be a string"],"error":"Bad Request","statusCode":400},"status":400,"options":{},"message":"Bad Request Exception","name":"BadRequestException"}
2026-01-05T17:03:35.155Z - Path: /companies/me - Status: 400 - Error: {"response":{"message":["address must be a string"],"error":"Bad Request","statusCode":400},"status":400,"options":{},"message":"Bad Request Exception","name":"BadRequestException"}
2026-01-05T17:04:09.529Z - Path: /companies/me - Status: 400 - Error: {"response":{"message":["address must be a string"],"error":"Bad Request","statusCode":400},"status":400,"options":{},"message":"Bad Request Exception","name":"BadRequestException"}
2026-01-05T17:04:17.875Z - Path: /companies/me - Status: 400 - Error: {"response":{"message":["address must be a string"],"error":"Bad Request","statusCode":400},"status":400,"options":{},"message":"Bad Request Exception","name":"BadRequestException"}
2026-01-05T17:04:38.802Z - Path: /companies/me - Status: 400 - Error: {"response":{"message":["address must be a string"],"error":"Bad Request","statusCode":400},"status":400,"options":{},"message":"Bad Request Exception","name":"BadRequestException"}
2026-01-05T17:07:40.861Z - Path: /accounting/journal?limit=50 - Status: 404 - Error: {"response":{"message":"Cannot GET /accounting/journal?limit=50","error":"Not Found","statusCode":404},"status":404,"options":{},"message":"Cannot GET /accounting/journal?limit=50","name":"NotFoundException"}
2026-01-05T17:07:40.862Z - Path: /accounting/stats?year=2026 - Status: 404 - Error: {"response":{"message":"Cannot GET /accounting/stats?year=2026","error":"Not Found","statusCode":404},"status":404,"options":{},"message":"Cannot GET /accounting/stats?year=2026","name":"NotFoundException"}
2026-01-05T17:07:40.864Z - Path: /accounting/journal?limit=50 - Status: 404 - Error: {"response":{"message":"Cannot GET /accounting/journal?limit=50","error":"Not Found","statusCode":404},"status":404,"options":{},"message":"Cannot GET /accounting/journal?limit=50","name":"NotFoundException"}
2026-01-05T17:07:40.866Z - Path: /accounting/stats?year=2026 - Status: 404 - Error: {"response":{"message":"Cannot GET /accounting/stats?year=2026","error":"Not Found","statusCode":404},"status":404,"options":{},"message":"Cannot GET /accounting/stats?year=2026","name":"NotFoundException"}
2026-01-05T17:07:54.395Z - Path: /companies/me - Status: 400 - Error: {"response":{"message":["address must be a string"],"error":"Bad Request","statusCode":400},"status":400,"options":{},"message":"Bad Request Exception","name":"BadRequestException"}
2026-01-05T17:09:20.975Z - Path: /accounting/journal?limit=50 - Status: 404 - Error: {"response":{"message":"Cannot GET /accounting/journal?limit=50","error":"Not Found","statusCode":404},"status":404,"options":{},"message":"Cannot GET /accounting/journal?limit=50","name":"NotFoundException"}
2026-01-05T17:09:20.979Z - Path: /accounting/stats?year=2026 - Status: 404 - Error: {"response":{"message":"Cannot GET /accounting/stats?year=2026","error":"Not Found","statusCode":404},"status":404,"options":{},"message":"Cannot GET /accounting/stats?year=2026","name":"NotFoundException"}
2026-01-05T17:09:20.984Z - Path: /accounting/journal?limit=50 - Status: 404 - Error: {"response":{"message":"Cannot GET /accounting/journal?limit=50","error":"Not Found","statusCode":404},"status":404,"options":{},"message":"Cannot GET /accounting/journal?limit=50","name":"NotFoundException"}
2026-01-05T17:09:20.987Z - Path: /accounting/stats?year=2026 - Status: 404 - Error: {"response":{"message":"Cannot GET /accounting/stats?year=2026","error":"Not Found","statusCode":404},"status":404,"options":{},"message":"Cannot GET /accounting/stats?year=2026","name":"NotFoundException"}
2026-01-05T18:34:33.443Z - Path: /admin/tickets - Status: 404 - Error: {"response":{"message":"Cannot GET /admin/tickets","error":"Not Found","statusCode":404},"status":404,"options":{},"message":"Cannot GET /admin/tickets","name":"NotFoundException"}
2026-01-05T18:34:33.450Z - Path: /admin/tickets - Status: 404 - Error: {"response":{"message":"Cannot GET /admin/tickets","error":"Not Found","statusCode":404},"status":404,"options":{},"message":"Cannot GET /admin/tickets","name":"NotFoundException"}
2026-01-05T18:44:46.382Z - Path: /admin/audit - Status: 404 - Error: {"response":{"message":"Cannot GET /admin/audit","error":"Not Found","statusCode":404},"status":404,"options":{},"message":"Cannot GET /admin/audit","name":"NotFoundException"}
2026-01-05T18:44:46.386Z - Path: /admin/audit - Status: 404 - Error: {"response":{"message":"Cannot GET /admin/audit","error":"Not Found","statusCode":404},"status":404,"options":{},"message":"Cannot GET /admin/audit","name":"NotFoundException"}
2026-01-05T18:44:50.015Z - Path: /admin/broadcasts - Status: 404 - Error: {"response":{"message":"Cannot GET /admin/broadcasts","error":"Not Found","statusCode":404},"status":404,"options":{},"message":"Cannot GET /admin/broadcasts","name":"NotFoundException"}
2026-01-05T18:44:50.023Z - Path: /admin/broadcasts - Status: 404 - Error: {"response":{"message":"Cannot GET /admin/broadcasts","error":"Not Found","statusCode":404},"status":404,"options":{},"message":"Cannot GET /admin/broadcasts","name":"NotFoundException"}
2026-01-05T18:44:51.966Z - Path: /admin/tickets - Status: 404 - Error: {"response":{"message":"Cannot GET /admin/tickets","error":"Not Found","statusCode":404},"status":404,"options":{},"message":"Cannot GET /admin/tickets","name":"NotFoundException"}
2026-01-05T18:44:51.974Z - Path: /admin/tickets - Status: 404 - Error: {"response":{"message":"Cannot GET /admin/tickets","error":"Not Found","statusCode":404},"status":404,"options":{},"message":"Cannot GET /admin/tickets","name":"NotFoundException"}
2026-01-05T18:44:57.491Z - Path: /admin/plans - Status: 404 - Error: {"response":{"message":"Cannot GET /admin/plans","error":"Not Found","statusCode":404},"status":404,"options":{},"message":"Cannot GET /admin/plans","name":"NotFoundException"}
2026-01-05T18:44:57.495Z - Path: /admin/plans - Status: 404 - Error: {"response":{"message":"Cannot GET /admin/plans","error":"Not Found","statusCode":404},"status":404,"options":{},"message":"Cannot GET /admin/plans","name":"NotFoundException"}
2026-01-05T18:45:01.120Z - Path: /admin/plans - Status: 404 - Error: {"response":{"message":"Cannot GET /admin/plans","error":"Not Found","statusCode":404},"status":404,"options":{},"message":"Cannot GET /admin/plans","name":"NotFoundException"}
2026-01-05T18:45:01.125Z - Path: /admin/plans - Status: 404 - Error: {"response":{"message":"Cannot GET /admin/plans","error":"Not Found","statusCode":404},"status":404,"options":{},"message":"Cannot GET /admin/plans","name":"NotFoundException"}
2026-01-05T18:45:17.267Z - Path: /admin/plans - Status: 404 - Error: {"response":{"message":"Cannot GET /admin/plans","error":"Not Found","statusCode":404},"status":404,"options":{},"message":"Cannot GET /admin/plans","name":"NotFoundException"}
2026-01-05T18:45:17.272Z - Path: /admin/plans - Status: 404 - Error: {"response":{"message":"Cannot GET /admin/plans","error":"Not Found","statusCode":404},"status":404,"options":{},"message":"Cannot GET /admin/plans","name":"NotFoundException"}
2026-01-05T18:45:52.015Z - Path: /admin/plans - Status: 404 - Error: {"response":{"message":"Cannot GET /admin/plans","error":"Not Found","statusCode":404},"status":404,"options":{},"message":"Cannot GET /admin/plans","name":"NotFoundException"}
2026-01-05T18:45:52.022Z - Path: /admin/plans - Status: 404 - Error: {"response":{"message":"Cannot GET /admin/plans","error":"Not Found","statusCode":404},"status":404,"options":{},"message":"Cannot GET /admin/plans","name":"NotFoundException"}
2026-01-05T19:02:52.229Z - Path: /invoices/695bf4ffd5536b2810783683/send - Status: 500 - Error: {"errno":-4078,"code":"ESOCKET","syscall":"connect","address":"::1","port":587,"command":"CONN"}
2026-01-05T19:29:57.622Z - Path: /api-keys - Status: 401 - Error: {"response":{"message":"Unauthorized","statusCode":401},"status":401,"options":{},"message":"Unauthorized","name":"UnauthorizedException"}
2026-01-05T19:29:57.628Z - Path: /api-keys - Status: 401 - Error: {"response":{"message":"Unauthorized","statusCode":401},"status":401,"options":{},"message":"Unauthorized","name":"UnauthorizedException"}
2026-01-05T19:37:16.053Z - Path: /api-keys - Status: 401 - Error: {"response":{"message":"Unauthorized","statusCode":401},"status":401,"options":{},"message":"Unauthorized","name":"UnauthorizedException"}
2026-01-05T19:37:16.062Z - Path: /api-keys - Status: 401 - Error: {"response":{"message":"Unauthorized","statusCode":401},"status":401,"options":{},"message":"Unauthorized","name":"UnauthorizedException"}
2026-01-05T19:40:50.176Z - Path: /data-ops/export/invoices?format=xlsx - Status: 401 - Error: {"response":{"message":"Unauthorized","statusCode":401},"status":401,"options":{},"message":"Unauthorized","name":"UnauthorizedException"}
2026-01-05T19:40:52.392Z - Path: /data-ops/export/invoices?format=csv - Status: 401 - Error: {"response":{"message":"Unauthorized","statusCode":401},"status":401,"options":{},"message":"Unauthorized","name":"UnauthorizedException"}
2026-01-05T23:52:32.515Z - Path: / - Status: 404 - Error: {"response":{"message":"Cannot GET /","error":"Not Found","statusCode":404},"status":404,"options":{},"message":"Cannot GET /","name":"NotFoundException"}
2026-01-05T23:52:32.653Z - Path: /favicon.ico - Status: 404 - Error: {"response":{"message":"Cannot GET /favicon.ico","error":"Not Found","statusCode":404},"status":404,"options":{},"message":"Cannot GET /favicon.ico","name":"NotFoundException"}
2026-01-05T23:53:57.520Z - Path: /companies/admin/all - Status: 401 - Error: {"response":{"message":"Unauthorized","statusCode":401},"status":401,"options":{},"message":"Unauthorized","name":"UnauthorizedException"}
2026-01-05T23:53:58.717Z - Path: /companies/admin/all - Status: 401 - Error: {"response":{"message":"Unauthorized","statusCode":401},"status":401,"options":{},"message":"Unauthorized","name":"UnauthorizedException"}
2026-01-06T00:01:20.489Z - Path: /companies/admin/all - Status: 401 - Error: {"response":{"message":"Unauthorized","statusCode":401},"status":401,"options":{},"message":"Unauthorized","name":"UnauthorizedException"}
2026-01-06T00:01:20.508Z - Path: /companies/admin/all - Status: 401 - Error: {"response":{"message":"Unauthorized","statusCode":401},"status":401,"options":{},"message":"Unauthorized","name":"UnauthorizedException"}
2026-01-06T00:01:26.723Z - Path: /companies/admin/all - Status: 401 - Error: {"response":{"message":"Unauthorized","statusCode":401},"status":401,"options":{},"message":"Unauthorized","name":"UnauthorizedException"}
2026-01-06T00:12:20.576Z - Path: /auth/login - Status: 401 - Error: {"response":{"message":"Identifiants invalides","error":"Unauthorized","statusCode":401},"status":401,"options":{},"message":"Identifiants invalides","name":"UnauthorizedException"}
2026-01-06T00:12:44.619Z - Path: /auth/login - Status: 401 - Error: {"response":{"message":"Identifiants invalides","error":"Unauthorized","statusCode":401},"status":401,"options":{},"message":"Identifiants invalides","name":"UnauthorizedException"}
2026-01-06T00:15:09.539Z - Path: /auth/login - Status: 401 - Error: {"response":{"message":"Identifiants invalides","error":"Unauthorized","statusCode":401},"status":401,"options":{},"message":"Identifiants invalides","name":"UnauthorizedException"}
2026-01-06T00:15:25.793Z - Path: /auth/login - Status: 401 - Error: {"response":{"message":"Identifiants invalides","error":"Unauthorized","statusCode":401},"status":401,"options":{},"message":"Identifiants invalides","name":"UnauthorizedException"}
2026-01-06T00:15:26.738Z - Path: /auth/login - Status: 401 - Error: {"response":{"message":"Identifiants invalides","error":"Unauthorized","statusCode":401},"status":401,"options":{},"message":"Identifiants invalides","name":"UnauthorizedException"}
2026-01-06T00:17:18.779Z - Path: /auth/google/callback?code=4%2F0ATX87lOkuL11pDtfwPgobd5TjiU_QwYSc2zmnoIR2ys7reIesu250aTp2TZdoK0bCfAN1g&scope=email+profile+https%3A%2F%2Fwww.googleapis.com%2Fauth%2Fuserinfo.email+openid+https%3A%2F%2Fwww.googleapis.com%2Fauth%2Fuserinfo.profile&authuser=0&prompt=none - Status: 404 - Error: {"response":{"message":"Cannot GET /auth/google/callback?code=4%2F0ATX87lOkuL11pDtfwPgobd5TjiU_QwYSc2zmnoIR2ys7reIesu250aTp2TZdoK0bCfAN1g&scope=email+profile+https%3A%2F%2Fwww.googleapis.com%2Fauth%2Fuserinfo.email+openid+https%3A%2F%2Fwww.googleapis.com%2Fauth%2Fuserinfo.profile&authuser=0&prompt=none","error":"Not Found","statusCode":404},"status":404,"options":{},"message":"Cannot GET /auth/google/callback?code=4%2F0ATX87lOkuL11pDtfwPgobd5TjiU_QwYSc2zmnoIR2ys7reIesu250aTp2TZdoK0bCfAN1g&scope=email+profile+https%3A%2F%2Fwww.googleapis.com%2Fauth%2Fuserinfo.email+openid+https%3A%2F%2Fwww.googleapis.com%2Fauth%2Fuserinfo.profile&authuser=0&prompt=none","name":"NotFoundException"}
2026-01-06T00:17:18.926Z - Path: /favicon.ico - Status: 404 - Error: {"response":{"message":"Cannot GET /favicon.ico","error":"Not Found","statusCode":404},"status":404,"options":{},"message":"Cannot GET /favicon.ico","name":"NotFoundException"}
2026-01-06T00:17:39.411Z - Path: /auth/google/callback?code=4%2F0ATX87lOkuL11pDtfwPgobd5TjiU_QwYSc2zmnoIR2ys7reIesu250aTp2TZdoK0bCfAN1g&scope=email+profile+https%3A%2F%2Fwww.googleapis.com%2Fauth%2Fuserinfo.email+openid+https%3A%2F%2Fwww.googleapis.com%2Fauth%2Fuserinfo.profile&authuser=0&prompt=none - Status: 404 - Error: {"response":{"message":"Cannot GET /auth/google/callback?code=4%2F0ATX87lOkuL11pDtfwPgobd5TjiU_QwYSc2zmnoIR2ys7reIesu250aTp2TZdoK0bCfAN1g&scope=email+profile+https%3A%2F%2Fwww.googleapis.com%2Fauth%2Fuserinfo.email+openid+https%3A%2F%2Fwww.googleapis.com%2Fauth%2Fuserinfo.profile&authuser=0&prompt=none","error":"Not Found","statusCode":404},"status":404,"options":{},"message":"Cannot GET /auth/google/callback?code=4%2F0ATX87lOkuL11pDtfwPgobd5TjiU_QwYSc2zmnoIR2ys7reIesu250aTp2TZdoK0bCfAN1g&scope=email+profile+https%3A%2F%2Fwww.googleapis.com%2Fauth%2Fuserinfo.email+openid+https%3A%2F%2Fwww.googleapis.com%2Fauth%2Fuserinfo.profile&authuser=0&prompt=none","name":"NotFoundException"}
2026-01-06T00:18:16.097Z - Path: /auth/google/callback?code=4%2F0ATX87lOkuL11pDtfwPgobd5TjiU_QwYSc2zmnoIR2ys7reIesu250aTp2TZdoK0bCfAN1g&scope=email+profile+https%3A%2F%2Fwww.googleapis.com%2Fauth%2Fuserinfo.email+openid+https%3A%2F%2Fwww.googleapis.com%2Fauth%2Fuserinfo.profile&authuser=0&prompt=none - Status: 404 - Error: {"response":{"message":"Cannot GET /auth/google/callback?code=4%2F0ATX87lOkuL11pDtfwPgobd5TjiU_QwYSc2zmnoIR2ys7reIesu250aTp2TZdoK0bCfAN1g&scope=email+profile+https%3A%2F%2Fwww.googleapis.com%2Fauth%2Fuserinfo.email+openid+https%3A%2F%2Fwww.googleapis.com%2Fauth%2Fuserinfo.profile&authuser=0&prompt=none","error":"Not Found","statusCode":404},"status":404,"options":{},"message":"Cannot GET /auth/google/callback?code=4%2F0ATX87lOkuL11pDtfwPgobd5TjiU_QwYSc2zmnoIR2ys7reIesu250aTp2TZdoK0bCfAN1g&scope=email+profile+https%3A%2F%2Fwww.googleapis.com%2Fauth%2Fuserinfo.email+openid+https%3A%2F%2Fwww.googleapis.com%2Fauth%2Fuserinfo.profile&authuser=0&prompt=none","name":"NotFoundException"}
2026-01-06T00:18:32.108Z - Path: /auth/google/callback?code=4%2F0ATX87lOkuL11pDtfwPgobd5TjiU_QwYSc2zmnoIR2ys7reIesu250aTp2TZdoK0bCfAN1g&scope=email+profile+https%3A%2F%2Fwww.googleapis.com%2Fauth%2Fuserinfo.email+openid+https%3A%2F%2Fwww.googleapis.com%2Fauth%2Fuserinfo.profile&authuser=0&prompt=none - Status: 404 - Error: {"response":{"message":"Cannot GET /auth/google/callback?code=4%2F0ATX87lOkuL11pDtfwPgobd5TjiU_QwYSc2zmnoIR2ys7reIesu250aTp2TZdoK0bCfAN1g&scope=email+profile+https%3A%2F%2Fwww.googleapis.com%2Fauth%2Fuserinfo.email+openid+https%3A%2F%2Fwww.googleapis.com%2Fauth%2Fuserinfo.profile&authuser=0&prompt=none","error":"Not Found","statusCode":404},"status":404,"options":{},"message":"Cannot GET /auth/google/callback?code=4%2F0ATX87lOkuL11pDtfwPgobd5TjiU_QwYSc2zmnoIR2ys7reIesu250aTp2TZdoK0bCfAN1g&scope=email+profile+https%3A%2F%2Fwww.googleapis.com%2Fauth%2Fuserinfo.email+openid+https%3A%2F%2Fwww.googleapis.com%2Fauth%2Fuserinfo.profile&authuser=0&prompt=none","name":"NotFoundException"}
2026-01-06T00:18:35.631Z - Path: /auth/google/callback?code=4%2F0ATX87lPyXzcZnDQ5ZGSSfT5gsd2zZ0wtu4wrvn3Wd45Pu0ttgmpn5uio6QLyaUxglmQi0A&scope=email+profile+openid+https%3A%2F%2Fwww.googleapis.com%2Fauth%2Fuserinfo.profile+https%3A%2F%2Fwww.googleapis.com%2Fauth%2Fuserinfo.email&authuser=0&prompt=none - Status: 404 - Error: {"response":{"message":"Cannot GET /auth/google/callback?code=4%2F0ATX87lPyXzcZnDQ5ZGSSfT5gsd2zZ0wtu4wrvn3Wd45Pu0ttgmpn5uio6QLyaUxglmQi0A&scope=email+profile+openid+https%3A%2F%2Fwww.googleapis.com%2Fauth%2Fuserinfo.profile+https%3A%2F%2Fwww.googleapis.com%2Fauth%2Fuserinfo.email&authuser=0&prompt=none","error":"Not Found","statusCode":404},"status":404,"options":{},"message":"Cannot GET /auth/google/callback?code=4%2F0ATX87lPyXzcZnDQ5ZGSSfT5gsd2zZ0wtu4wrvn3Wd45Pu0ttgmpn5uio6QLyaUxglmQi0A&scope=email+profile+openid+https%3A%2F%2Fwww.googleapis.com%2Fauth%2Fuserinfo.profile+https%3A%2F%2Fwww.googleapis.com%2Fauth%2Fuserinfo.email&authuser=0&prompt=none","name":"NotFoundException"}
2026-01-06T00:18:48.276Z - Path: /auth/google/callback?code=4%2F0ATX87lN_D1Jm3VPbLvb-M17E8Pcv0qiLyM0nmDHccM1LZL__8aKVHpgvoEmGDOlo3VS-8Q&scope=email+profile+https%3A%2F%2Fwww.googleapis.com%2Fauth%2Fuserinfo.profile+openid+https%3A%2F%2Fwww.googleapis.com%2Fauth%2Fuserinfo.email&authuser=0&prompt=none - Status: 404 - Error: {"response":{"message":"Cannot GET /auth/google/callback?code=4%2F0ATX87lN_D1Jm3VPbLvb-M17E8Pcv0qiLyM0nmDHccM1LZL__8aKVHpgvoEmGDOlo3VS-8Q&scope=email+profile+https%3A%2F%2Fwww.googleapis.com%2Fauth%2Fuserinfo.profile+openid+https%3A%2F%2Fwww.googleapis.com%2Fauth%2Fuserinfo.email&authuser=0&prompt=none","error":"Not Found","statusCode":404},"status":404,"options":{},"message":"Cannot GET /auth/google/callback?code=4%2F0ATX87lN_D1Jm3VPbLvb-M17E8Pcv0qiLyM0nmDHccM1LZL__8aKVHpgvoEmGDOlo3VS-8Q&scope=email+profile+https%3A%2F%2Fwww.googleapis.com%2Fauth%2Fuserinfo.profile+openid+https%3A%2F%2Fwww.googleapis.com%2Fauth%2Fuserinfo.email&authuser=0&prompt=none","name":"NotFoundException"}
2026-01-06T00:19:12.664Z - Path: /auth/google/callback?code=4%2F0ATX87lO-Jdry_iqTAf_tX4YuOwZRULaeh4eLJGL51YgehN2bRG_0dHsOu0MDjWvXdhzdqQ&scope=email+profile+openid+https%3A%2F%2Fwww.googleapis.com%2Fauth%2Fuserinfo.email+https%3A%2F%2Fwww.googleapis.com%2Fauth%2Fuserinfo.profile&authuser=0&prompt=none - Status: 404 - Error: {"response":{"message":"Cannot GET /auth/google/callback?code=4%2F0ATX87lO-Jdry_iqTAf_tX4YuOwZRULaeh4eLJGL51YgehN2bRG_0dHsOu0MDjWvXdhzdqQ&scope=email+profile+openid+https%3A%2F%2Fwww.googleapis.com%2Fauth%2Fuserinfo.email+https%3A%2F%2Fwww.googleapis.com%2Fauth%2Fuserinfo.profile&authuser=0&prompt=none","error":"Not Found","statusCode":404},"status":404,"options":{},"message":"Cannot GET /auth/google/callback?code=4%2F0ATX87lO-Jdry_iqTAf_tX4YuOwZRULaeh4eLJGL51YgehN2bRG_0dHsOu0MDjWvXdhzdqQ&scope=email+profile+openid+https%3A%2F%2Fwww.googleapis.com%2Fauth%2Fuserinfo.email+https%3A%2F%2Fwww.googleapis.com%2Fauth%2Fuserinfo.profile&authuser=0&prompt=none","name":"NotFoundException"}
2026-01-06T00:19:40.151Z - Path: /auth/google/callback?code=4%2F0ATX87lMHMMtfTx7Hxk6377QyWXPbfb3dDpBoKQo56rbKEBxRctynXcAr5z7muJOZCyVw1Q&scope=email+profile+openid+https%3A%2F%2Fwww.googleapis.com%2Fauth%2Fuserinfo.profile+https%3A%2F%2Fwww.googleapis.com%2Fauth%2Fuserinfo.email&authuser=0&prompt=none - Status: 404 - Error: {"response":{"message":"Cannot GET /auth/google/callback?code=4%2F0ATX87lMHMMtfTx7Hxk6377QyWXPbfb3dDpBoKQo56rbKEBxRctynXcAr5z7muJOZCyVw1Q&scope=email+profile+openid+https%3A%2F%2Fwww.googleapis.com%2Fauth%2Fuserinfo.profile+https%3A%2F%2Fwww.googleapis.com%2Fauth%2Fuserinfo.email&authuser=0&prompt=none","error":"Not Found","statusCode":404},"status":404,"options":{},"message":"Cannot GET /auth/google/callback?code=4%2F0ATX87lMHMMtfTx7Hxk6377QyWXPbfb3dDpBoKQo56rbKEBxRctynXcAr5z7muJOZCyVw1Q&scope=email+profile+openid+https%3A%2F%2Fwww.googleapis.com%2Fauth%2Fuserinfo.profile+https%3A%2F%2Fwww.googleapis.com%2Fauth%2Fuserinfo.email&authuser=0&prompt=none","name":"NotFoundException"}
2026-01-06T00:26:17.650Z - Path: /auth/login - Status: 401 - Error: {"response":{"message":"Identifiants invalides","error":"Unauthorized","statusCode":401},"status":401,"options":{},"message":"Identifiants invalides","name":"UnauthorizedException"}
2026-01-06T00:27:19.631Z - Path: /auth/login - Status: 401 - Error: {"response":{"message":"Identifiants invalides","error":"Unauthorized","statusCode":401},"status":401,"options":{},"message":"Identifiants invalides","name":"UnauthorizedException"}
2026-01-07T03:31:49.544Z - Path: /admin/companies - Status: 401 - Error: {"response":{"message":"Unauthorized","statusCode":401},"status":401,"options":{},"message":"Unauthorized","name":"UnauthorizedException"}
2026-01-07T03:31:49.562Z - Path: /admin/companies - Status: 401 - Error: {"response":{"message":"Unauthorized","statusCode":401},"status":401,"options":{},"message":"Unauthorized","name":"UnauthorizedException"}
2026-01-07T03:32:06.779Z - Path: /auth/login - Status: 401 - Error: {"response":{"message":"Identifiants invalides","error":"Unauthorized","statusCode":401},"status":401,"options":{},"message":"Identifiants invalides","name":"UnauthorizedException"}
2026-01-07T03:33:43.959Z - Path: /auth/login - Status: 401 - Error: {"response":{"message":"Identifiants invalides","error":"Unauthorized","statusCode":401},"status":401,"options":{},"message":"Identifiants invalides","name":"UnauthorizedException"}
2026-01-07T03:33:55.765Z - Path: /auth/login - Status: 401 - Error: {"response":{"message":"Identifiants invalides","error":"Unauthorized","statusCode":401},"status":401,"options":{},"message":"Identifiants invalides","name":"UnauthorizedException"}
2026-01-07T03:33:56.701Z - Path: /auth/login - Status: 401 - Error: {"response":{"message":"Identifiants invalides","error":"Unauthorized","statusCode":401},"status":401,"options":{},"message":"Identifiants invalides","name":"UnauthorizedException"}
2026-01-07T03:33:57.488Z - Path: /auth/login - Status: 401 - Error: {"response":{"message":"Identifiants invalides","error":"Unauthorized","statusCode":401},"status":401,"options":{},"message":"Identifiants invalides","name":"UnauthorizedException"}
2026-01-07T03:33:58.296Z - Path: /auth/login - Status: 401 - Error: {"response":{"message":"Identifiants invalides","error":"Unauthorized","statusCode":401},"status":401,"options":{},"message":"Identifiants invalides","name":"UnauthorizedException"}
2026-01-07T03:33:59.003Z - Path: /auth/login - Status: 401 - Error: {"response":{"message":"Identifiants invalides","error":"Unauthorized","statusCode":401},"status":401,"options":{},"message":"Identifiants invalides","name":"UnauthorizedException"}
2026-01-07T03:33:59.645Z - Path: /auth/login - Status: 401 - Error: {"response":{"message":"Identifiants invalides","error":"Unauthorized","statusCode":401},"status":401,"options":{},"message":"Identifiants invalides","name":"UnauthorizedException"}
2026-01-07T03:34:00.309Z - Path: /auth/login - Status: 401 - Error: {"response":{"message":"Identifiants invalides","error":"Unauthorized","statusCode":401},"status":401,"options":{},"message":"Identifiants invalides","name":"UnauthorizedException"}
2026-01-07T03:34:00.957Z - Path: /auth/login - Status: 401 - Error: {"response":{"message":"Identifiants invalides","error":"Unauthorized","statusCode":401},"status":401,"options":{},"message":"Identifiants invalides","name":"UnauthorizedException"}
2026-01-07T03:34:01.290Z - Path: /auth/login - Status: 401 - Error: {"response":{"message":"Identifiants invalides","error":"Unauthorized","statusCode":401},"status":401,"options":{},"message":"Identifiants invalides","name":"UnauthorizedException"}
2026-01-07T03:34:01.448Z - Path: /auth/login - Status: 401 - Error: {"response":{"message":"Identifiants invalides","error":"Unauthorized","statusCode":401},"status":401,"options":{},"message":"Identifiants invalides","name":"UnauthorizedException"}
2026-01-07T03:34:01.656Z - Path: /auth/login - Status: 401 - Error: {"response":{"message":"Identifiants invalides","error":"Unauthorized","statusCode":401},"status":401,"options":{},"message":"Identifiants invalides","name":"UnauthorizedException"}
2026-01-07T03:34:01.804Z - Path: /auth/login - Status: 401 - Error: {"response":{"message":"Identifiants invalides","error":"Unauthorized","statusCode":401},"status":401,"options":{},"message":"Identifiants invalides","name":"UnauthorizedException"}
2026-01-07T03:34:01.947Z - Path: /auth/login - Status: 401 - Error: {"response":{"message":"Identifiants invalides","error":"Unauthorized","statusCode":401},"status":401,"options":{},"message":"Identifiants invalides","name":"UnauthorizedException"}
2026-01-07T03:34:02.230Z - Path: /auth/login - Status: 401 - Error: {"response":{"message":"Identifiants invalides","error":"Unauthorized","statusCode":401},"status":401,"options":{},"message":"Identifiants invalides","name":"UnauthorizedException"}
2026-01-07T03:34:02.357Z - Path: /auth/login - Status: 401 - Error: {"response":{"message":"Identifiants invalides","error":"Unauthorized","statusCode":401},"status":401,"options":{},"message":"Identifiants invalides","name":"UnauthorizedException"}
2026-01-07T03:34:02.586Z - Path: /auth/login - Status: 401 - Error: {"response":{"message":"Identifiants invalides","error":"Unauthorized","statusCode":401},"status":401,"options":{},"message":"Identifiants invalides","name":"UnauthorizedException"}
2026-01-07T03:34:03.047Z - Path: /auth/login - Status: 401 - Error: {"response":{"message":"Identifiants invalides","error":"Unauthorized","statusCode":401},"status":401,"options":{},"message":"Identifiants invalides","name":"UnauthorizedException"}
2026-01-07T03:34:03.175Z - Path: /auth/login - Status: 401 - Error: {"response":{"message":"Identifiants invalides","error":"Unauthorized","statusCode":401},"status":401,"options":{},"message":"Identifiants invalides","name":"UnauthorizedException"}
2026-01-07T03:34:03.302Z - Path: /auth/login - Status: 401 - Error: {"response":{"message":"Identifiants invalides","error":"Unauthorized","statusCode":401},"status":401,"options":{},"message":"Identifiants invalides","name":"UnauthorizedException"}
2026-01-07T03:34:03.436Z - Path: /auth/login - Status: 401 - Error: {"response":{"message":"Identifiants invalides","error":"Unauthorized","statusCode":401},"status":401,"options":{},"message":"Identifiants invalides","name":"UnauthorizedException"}
2026-01-07T03:34:03.638Z - Path: /auth/login - Status: 401 - Error: {"response":{"message":"Identifiants invalides","error":"Unauthorized","statusCode":401},"status":401,"options":{},"message":"Identifiants invalides","name":"UnauthorizedException"}
2026-01-07T03:34:15.829Z - Path: /auth/login - Status: 401 - Error: {"response":{"message":"Identifiants invalides","error":"Unauthorized","statusCode":401},"status":401,"options":{},"message":"Identifiants invalides","name":"UnauthorizedException"}
2026-01-07T03:34:16.590Z - Path: /auth/login - Status: 401 - Error: {"response":{"message":"Identifiants invalides","error":"Unauthorized","statusCode":401},"status":401,"options":{},"message":"Identifiants invalides","name":"UnauthorizedException"}
2026-01-07T03:34:16.717Z - Path: /auth/login - Status: 401 - Error: {"response":{"message":"Identifiants invalides","error":"Unauthorized","statusCode":401},"status":401,"options":{},"message":"Identifiants invalides","name":"UnauthorizedException"}
2026-01-07T03:34:16.920Z - Path: /auth/login - Status: 401 - Error: {"response":{"message":"Identifiants invalides","error":"Unauthorized","statusCode":401},"status":401,"options":{},"message":"Identifiants invalides","name":"UnauthorizedException"}
2026-01-07T03:34:17.280Z - Path: /auth/login - Status: 401 - Error: {"response":{"message":"Identifiants invalides","error":"Unauthorized","statusCode":401},"status":401,"options":{},"message":"Identifiants invalides","name":"UnauthorizedException"}
2026-01-07T03:34:17.517Z - Path: /auth/login - Status: 401 - Error: {"response":{"message":"Identifiants invalides","error":"Unauthorized","statusCode":401},"status":401,"options":{},"message":"Identifiants invalides","name":"UnauthorizedException"}
2026-01-07T03:34:17.631Z - Path: /auth/login - Status: 401 - Error: {"response":{"message":"Identifiants invalides","error":"Unauthorized","statusCode":401},"status":401,"options":{},"message":"Identifiants invalides","name":"UnauthorizedException"}
2026-01-07T03:34:17.764Z - Path: /auth/login - Status: 401 - Error: {"response":{"message":"Identifiants invalides","error":"Unauthorized","statusCode":401},"status":401,"options":{},"message":"Identifiants invalides","name":"UnauthorizedException"}
2026-01-07T03:34:17.900Z - Path: /auth/login - Status: 401 - Error: {"response":{"message":"Identifiants invalides","error":"Unauthorized","statusCode":401},"status":401,"options":{},"message":"Identifiants invalides","name":"UnauthorizedException"}
2026-01-07T03:34:18.019Z - Path: /auth/login - Status: 401 - Error: {"response":{"message":"Identifiants invalides","error":"Unauthorized","statusCode":401},"status":401,"options":{},"message":"Identifiants invalides","name":"UnauthorizedException"}
2026-01-07T03:34:18.144Z - Path: /auth/login - Status: 401 - Error: {"response":{"message":"Identifiants invalides","error":"Unauthorized","statusCode":401},"status":401,"options":{},"message":"Identifiants invalides","name":"UnauthorizedException"}
2026-01-07T03:34:18.267Z - Path: /auth/login - Status: 401 - Error: {"response":{"message":"Identifiants invalides","error":"Unauthorized","statusCode":401},"status":401,"options":{},"message":"Identifiants invalides","name":"UnauthorizedException"}
2026-01-07T03:34:18.388Z - Path: /auth/login - Status: 401 - Error: {"response":{"message":"Identifiants invalides","error":"Unauthorized","statusCode":401},"status":401,"options":{},"message":"Identifiants invalides","name":"UnauthorizedException"}
2026-01-07T03:34:18.513Z - Path: /auth/login - Status: 401 - Error: {"response":{"message":"Identifiants invalides","error":"Unauthorized","statusCode":401},"status":401,"options":{},"message":"Identifiants invalides","name":"UnauthorizedException"}
2026-01-07T03:34:18.652Z - Path: /auth/login - Status: 401 - Error: {"response":{"message":"Identifiants invalides","error":"Unauthorized","statusCode":401},"status":401,"options":{},"message":"Identifiants invalides","name":"UnauthorizedException"}
2026-01-07T03:34:18.768Z - Path: /auth/login - Status: 401 - Error: {"response":{"message":"Identifiants invalides","error":"Unauthorized","statusCode":401},"status":401,"options":{},"message":"Identifiants invalides","name":"UnauthorizedException"}
2026-01-07T03:34:29.169Z - Path: /auth/login - Status: 401 - Error: {"response":{"message":"Identifiants invalides","error":"Unauthorized","statusCode":401},"status":401,"options":{},"message":"Identifiants invalides","name":"UnauthorizedException"}
2026-01-07T03:34:29.937Z - Path: /auth/login - Status: 401 - Error: {"response":{"message":"Identifiants invalides","error":"Unauthorized","statusCode":401},"status":401,"options":{},"message":"Identifiants invalides","name":"UnauthorizedException"}
2026-01-07T03:34:34.244Z - Path: /auth/login - Status: 401 - Error: {"response":{"message":"Identifiants invalides","error":"Unauthorized","statusCode":401},"status":401,"options":{},"message":"Identifiants invalides","name":"UnauthorizedException"}
2026-01-07T03:34:54.424Z - Path: /auth/login - Status: 401 - Error: {"response":{"message":"Identifiants invalides","error":"Unauthorized","statusCode":401},"status":401,"options":{},"message":"Identifiants invalides","name":"UnauthorizedException"}
2026-01-07T03:35:14.978Z - Path: /auth/login - Status: 401 - Error: {"response":{"message":"Identifiants invalides","error":"Unauthorized","statusCode":401},"status":401,"options":{},"message":"Identifiants invalides","name":"UnauthorizedException"}
2026-01-07T03:35:48.724Z - Path: /auth/login - Status: 401 - Error: {"response":{"message":"Identifiants invalides","error":"Unauthorized","statusCode":401},"status":401,"options":{},"message":"Identifiants invalides","name":"UnauthorizedException"}
2026-01-07T03:35:49.689Z - Path: /auth/login - Status: 401 - Error: {"response":{"message":"Identifiants invalides","error":"Unauthorized","statusCode":401},"status":401,"options":{},"message":"Identifiants invalides","name":"UnauthorizedException"}
2026-01-07T03:44:20.747Z - Path: /admin/companies - Status: 401 - Error: {"response":{"message":"Unauthorized","statusCode":401},"status":401,"options":{},"message":"Unauthorized","name":"UnauthorizedException"}
2026-01-07T03:44:20.754Z - Path: /admin/companies - Status: 401 - Error: {"response":{"message":"Unauthorized","statusCode":401},"status":401,"options":{},"message":"Unauthorized","name":"UnauthorizedException"}
2026-01-07T03:45:07.017Z - Path: /admin/companies - Status: 401 - Error: {"response":{"message":"Unauthorized","statusCode":401},"status":401,"options":{},"message":"Unauthorized","name":"UnauthorizedException"}
2026-01-07T03:45:07.025Z - Path: /admin/companies - Status: 401 - Error: {"response":{"message":"Unauthorized","statusCode":401},"status":401,"options":{},"message":"Unauthorized","name":"UnauthorizedException"}
2026-01-07T03:45:08.977Z - Path: /admin/companies - Status: 401 - Error: {"response":{"message":"Unauthorized","statusCode":401},"status":401,"options":{},"message":"Unauthorized","name":"UnauthorizedException"}
2026-01-07T03:45:08.982Z - Path: /admin/companies - Status: 401 - Error: {"response":{"message":"Unauthorized","statusCode":401},"status":401,"options":{},"message":"Unauthorized","name":"UnauthorizedException"}
2026-01-07T03:45:49.551Z - Path: /admin/companies - Status: 401 - Error: {"response":{"message":"Unauthorized","statusCode":401},"status":401,"options":{},"message":"Unauthorized","name":"UnauthorizedException"}
2026-01-07T03:45:49.554Z - Path: /admin/companies - Status: 401 - Error: {"response":{"message":"Unauthorized","statusCode":401},"status":401,"options":{},"message":"Unauthorized","name":"UnauthorizedException"}
2026-01-07T03:57:54.183Z - Path: /favicon.ico - Status: 404 - Error: {"response":{"message":"Cannot GET /favicon.ico","error":"Not Found","statusCode":404},"status":404,"options":{},"message":"Cannot GET /favicon.ico","name":"NotFoundException"}
2026-01-07T04:14:20.434Z - Path: /data-ops/export/invoices?format=xlsx - Status: 401 - Error: {"response":{"message":"Unauthorized","statusCode":401},"status":401,"options":{},"message":"Unauthorized","name":"UnauthorizedException"}
2026-01-07T04:14:22.042Z - Path: /data-ops/export/invoices?format=csv - Status: 401 - Error: {"response":{"message":"Unauthorized","statusCode":401},"status":401,"options":{},"message":"Unauthorized","name":"UnauthorizedException"}
2026-01-07T04:50:29.837Z - Path: /%20accountant%20/%20companies%20/%20695b0cd78cff34f12764d2b5/impersonate - Status: 404 - Error: {"response":{"message":"Cannot POST /%20accountant%20/%20companies%20/%20695b0cd78cff34f12764d2b5/impersonate","error":"Not Found","statusCode":404},"status":404,"options":{},"message":"Cannot POST /%20accountant%20/%20companies%20/%20695b0cd78cff34f12764d2b5/impersonate","name":"NotFoundException"}
2026-01-07T04:51:04.106Z - Path: /%20accountant%20/%20companies%20/%20695af98f59b67ea53e53f25b/impersonate - Status: 404 - Error: {"response":{"message":"Cannot POST /%20accountant%20/%20companies%20/%20695af98f59b67ea53e53f25b/impersonate","error":"Not Found","statusCode":404},"status":404,"options":{},"message":"Cannot POST /%20accountant%20/%20companies%20/%20695af98f59b67ea53e53f25b/impersonate","name":"NotFoundException"}
2026-01-07T04:51:06.957Z - Path: /%20accountant%20/%20companies%20/%20695b0cd78cff34f12764d2b5/impersonate - Status: 404 - Error: {"response":{"message":"Cannot POST /%20accountant%20/%20companies%20/%20695b0cd78cff34f12764d2b5/impersonate","error":"Not Found","statusCode":404},"status":404,"options":{},"message":"Cannot POST /%20accountant%20/%20companies%20/%20695b0cd78cff34f12764d2b5/impersonate","name":"NotFoundException"}
2026-01-07T04:51:31.641Z - Path: /%20accountant%20/%20companies%20/%20695b0cd78cff34f12764d2b5/impersonate - Status: 404 - Error: {"response":{"message":"Cannot POST /%20accountant%20/%20companies%20/%20695b0cd78cff34f12764d2b5/impersonate","error":"Not Found","statusCode":404},"status":404,"options":{},"message":"Cannot POST /%20accountant%20/%20companies%20/%20695b0cd78cff34f12764d2b5/impersonate","name":"NotFoundException"}
2026-01-07T04:52:00.280Z - Path: /%20accountant%20/%20companies%20/%20695b0cd78cff34f12764d2b5/impersonate - Status: 404 - Error: {"response":{"message":"Cannot POST /%20accountant%20/%20companies%20/%20695b0cd78cff34f12764d2b5/impersonate","error":"Not Found","statusCode":404},"status":404,"options":{},"message":"Cannot POST /%20accountant%20/%20companies%20/%20695b0cd78cff34f12764d2b5/impersonate","name":"NotFoundException"}
2026-01-07T04:53:13.880Z - Path: /%20accountant%20/%20companies%20/%20695b0cd78cff34f12764d2b5/impersonate - Status: 404 - Error: {"response":{"message":"Cannot POST /%20accountant%20/%20companies%20/%20695b0cd78cff34f12764d2b5/impersonate","error":"Not Found","statusCode":404},"status":404,"options":{},"message":"Cannot POST /%20accountant%20/%20companies%20/%20695b0cd78cff34f12764d2b5/impersonate","name":"NotFoundException"}
2026-01-07T04:55:35.579Z - Path: /%20accountant%20/%20companies%20/%20695b0cd78cff34f12764d2b5/impersonate - Status: 404 - Error: {"response":{"message":"Cannot POST /%20accountant%20/%20companies%20/%20695b0cd78cff34f12764d2b5/impersonate","error":"Not Found","statusCode":404},"status":404,"options":{},"message":"Cannot POST /%20accountant%20/%20companies%20/%20695b0cd78cff34f12764d2b5/impersonate","name":"NotFoundException"}
2026-01-07T04:57:31.213Z - Path: /%20accountant%20/%20companies%20/%20695b0cd78cff34f12764d2b5/impersonate - Status: 404 - Error: {"response":{"message":"Cannot POST /%20accountant%20/%20companies%20/%20695b0cd78cff34f12764d2b5/impersonate","error":"Not Found","statusCode":404},"status":404,"options":{},"message":"Cannot POST /%20accountant%20/%20companies%20/%20695b0cd78cff34f12764d2b5/impersonate","name":"NotFoundException"}
2026-01-07T04:58:14.563Z - Path: /%20accountant%20/%20companies%20/%20695b0cd78cff34f12764d2b5/impersonate - Status: 404 - Error: {"response":{"message":"Cannot POST /%20accountant%20/%20companies%20/%20695b0cd78cff34f12764d2b5/impersonate","error":"Not Found","statusCode":404},"status":404,"options":{},"message":"Cannot POST /%20accountant%20/%20companies%20/%20695b0cd78cff34f12764d2b5/impersonate","name":"NotFoundException"}
2026-01-07T04:58:37.159Z - Path: /%20accountant%20/%20companies%20/%20695b0cd78cff34f12764d2b5/impersonate - Status: 404 - Error: {"response":{"message":"Cannot POST /%20accountant%20/%20companies%20/%20695b0cd78cff34f12764d2b5/impersonate","error":"Not Found","statusCode":404},"status":404,"options":{},"message":"Cannot POST /%20accountant%20/%20companies%20/%20695b0cd78cff34f12764d2b5/impersonate","name":"NotFoundException"}
2026-01-07T04:59:42.084Z - Path: /%20accountant%20/%20companies%20/%20695b0cd78cff34f12764d2b5/impersonate - Status: 404 - Error: {"response":{"message":"Cannot POST /%20accountant%20/%20companies%20/%20695b0cd78cff34f12764d2b5/impersonate","error":"Not Found","statusCode":404},"status":404,"options":{},"message":"Cannot POST /%20accountant%20/%20companies%20/%20695b0cd78cff34f12764d2b5/impersonate","name":"NotFoundException"}
2026-01-07T05:00:21.827Z - Path: /%20accountant%20/%20companies%20/%20695b0cd78cff34f12764d2b5/impersonate - Status: 404 - Error: {"response":{"message":"Cannot POST /%20accountant%20/%20companies%20/%20695b0cd78cff34f12764d2b5/impersonate","error":"Not Found","statusCode":404},"status":404,"options":{},"message":"Cannot POST /%20accountant%20/%20companies%20/%20695b0cd78cff34f12764d2b5/impersonate","name":"NotFoundException"}
2026-01-07T05:00:33.859Z - Path: /%20accountant%20/%20companies%20/%20695b0cd78cff34f12764d2b5/impersonate - Status: 404 - Error: {"response":{"message":"Cannot POST /%20accountant%20/%20companies%20/%20695b0cd78cff34f12764d2b5/impersonate","error":"Not Found","statusCode":404},"status":404,"options":{},"message":"Cannot POST /%20accountant%20/%20companies%20/%20695b0cd78cff34f12764d2b5/impersonate","name":"NotFoundException"}
2026-01-07T05:00:55.814Z - Path: /%20accountant%20/%20companies%20/%20695b0cd78cff34f12764d2b5/impersonate - Status: 404 - Error: {"response":{"message":"Cannot POST /%20accountant%20/%20companies%20/%20695b0cd78cff34f12764d2b5/impersonate","error":"Not Found","statusCode":404},"status":404,"options":{},"message":"Cannot POST /%20accountant%20/%20companies%20/%20695b0cd78cff34f12764d2b5/impersonate","name":"NotFoundException"}
2026-01-07T05:01:10.001Z - Path: /%20accountant%20/%20companies%20/%20695b0cd78cff34f12764d2b5/impersonate - Status: 404 - Error: {"response":{"message":"Cannot POST /%20accountant%20/%20companies%20/%20695b0cd78cff34f12764d2b5/impersonate","error":"Not Found","statusCode":404},"status":404,"options":{},"message":"Cannot POST /%20accountant%20/%20companies%20/%20695b0cd78cff34f12764d2b5/impersonate","name":"NotFoundException"}
2026-01-07T05:01:36.837Z - Path: /%20accountant%20/%20companies%20/%20695b0cd78cff34f12764d2b5/impersonate - Status: 404 - Error: {"response":{"message":"Cannot POST /%20accountant%20/%20companies%20/%20695b0cd78cff34f12764d2b5/impersonate","error":"Not Found","statusCode":404},"status":404,"options":{},"message":"Cannot POST /%20accountant%20/%20companies%20/%20695b0cd78cff34f12764d2b5/impersonate","name":"NotFoundException"}
2026-01-07T05:02:35.096Z - Path: /%20accountant%20/%20companies%20/%20695b0cd78cff34f12764d2b5/impersonate - Status: 404 - Error: {"response":{"message":"Cannot POST /%20accountant%20/%20companies%20/%20695b0cd78cff34f12764d2b5/impersonate","error":"Not Found","statusCode":404},"status":404,"options":{},"message":"Cannot POST /%20accountant%20/%20companies%20/%20695b0cd78cff34f12764d2b5/impersonate","name":"NotFoundException"}
2026-01-07T05:03:05.888Z - Path: /%20accountant%20/%20companies%20/%20695b0cd78cff34f12764d2b5/impersonate - Status: 404 - Error: {"response":{"message":"Cannot POST /%20accountant%20/%20companies%20/%20695b0cd78cff34f12764d2b5/impersonate","error":"Not Found","statusCode":404},"status":404,"options":{},"message":"Cannot POST /%20accountant%20/%20companies%20/%20695b0cd78cff34f12764d2b5/impersonate","name":"NotFoundException"}
2026-01-07T05:06:07.579Z - Path: /%20accountant%20/%20companies%20/%20695b0cd78cff34f12764d2b5/impersonate - Status: 404 - Error: {"response":{"message":"Cannot POST /%20accountant%20/%20companies%20/%20695b0cd78cff34f12764d2b5/impersonate","error":"Not Found","statusCode":404},"status":404,"options":{},"message":"Cannot POST /%20accountant%20/%20companies%20/%20695b0cd78cff34f12764d2b5/impersonate","name":"NotFoundException"}
2026-01-07T05:07:19.538Z - Path: /%20accountant%20/%20companies%20/%20695b0cd78cff34f12764d2b5/impersonate - Status: 404 - Error: {"response":{"message":"Cannot POST /%20accountant%20/%20companies%20/%20695b0cd78cff34f12764d2b5/impersonate","error":"Not Found","statusCode":404},"status":404,"options":{},"message":"Cannot POST /%20accountant%20/%20companies%20/%20695b0cd78cff34f12764d2b5/impersonate","name":"NotFoundException"}
2026-01-07T05:07:44.291Z - Path: /%20accountant%20/%20companies%20/%20695b0cd78cff34f12764d2b5/impersonate - Status: 404 - Error: {"response":{"message":"Cannot POST /%20accountant%20/%20companies%20/%20695b0cd78cff34f12764d2b5/impersonate","error":"Not Found","statusCode":404},"status":404,"options":{},"message":"Cannot POST /%20accountant%20/%20companies%20/%20695b0cd78cff34f12764d2b5/impersonate","name":"NotFoundException"}
2026-01-07T05:08:58.932Z - Path: /%20accountant%20/%20companies%20/%20695b0cd78cff34f12764d2b5/impersonate - Status: 404 - Error: {"response":{"message":"Cannot POST /%20accountant%20/%20companies%20/%20695b0cd78cff34f12764d2b5/impersonate","error":"Not Found","statusCode":404},"status":404,"options":{},"message":"Cannot POST /%20accountant%20/%20companies%20/%20695b0cd78cff34f12764d2b5/impersonate","name":"NotFoundException"}
2026-01-07T05:09:08.041Z - Path: /%20accountant%20/%20companies%20/%20695b0cd78cff34f12764d2b5/impersonate - Status: 404 - Error: {"response":{"message":"Cannot POST /%20accountant%20/%20companies%20/%20695b0cd78cff34f12764d2b5/impersonate","error":"Not Found","statusCode":404},"status":404,"options":{},"message":"Cannot POST /%20accountant%20/%20companies%20/%20695b0cd78cff34f12764d2b5/impersonate","name":"NotFoundException"}
2026-01-07T05:09:55.668Z - Path: /%20accountant%20/%20companies%20/%20695b0cd78cff34f12764d2b5/impersonate - Status: 404 - Error: {"response":{"message":"Cannot POST /%20accountant%20/%20companies%20/%20695b0cd78cff34f12764d2b5/impersonate","error":"Not Found","statusCode":404},"status":404,"options":{},"message":"Cannot POST /%20accountant%20/%20companies%20/%20695b0cd78cff34f12764d2b5/impersonate","name":"NotFoundException"}
2026-01-07T05:10:10.328Z - Path: /%20accountant%20/%20companies%20/%20695b0cd78cff34f12764d2b5/impersonate - Status: 404 - Error: {"response":{"message":"Cannot POST /%20accountant%20/%20companies%20/%20695b0cd78cff34f12764d2b5/impersonate","error":"Not Found","statusCode":404},"status":404,"options":{},"message":"Cannot POST /%20accountant%20/%20companies%20/%20695b0cd78cff34f12764d2b5/impersonate","name":"NotFoundException"}
2026-01-07T05:10:14.016Z - Path: /%20accountant%20/%20companies%20/%20695af98f59b67ea53e53f25b/impersonate - Status: 404 - Error: {"response":{"message":"Cannot POST /%20accountant%20/%20companies%20/%20695af98f59b67ea53e53f25b/impersonate","error":"Not Found","statusCode":404},"status":404,"options":{},"message":"Cannot POST /%20accountant%20/%20companies%20/%20695af98f59b67ea53e53f25b/impersonate","name":"NotFoundException"}
2026-01-07T05:11:33.333Z - Path: /%20accountant%20/%20companies%20/%20695b0cd78cff34f12764d2b5/impersonate - Status: 404 - Error: {"response":{"message":"Cannot POST /%20accountant%20/%20companies%20/%20695b0cd78cff34f12764d2b5/impersonate","error":"Not Found","statusCode":404},"status":404,"options":{},"message":"Cannot POST /%20accountant%20/%20companies%20/%20695b0cd78cff34f12764d2b5/impersonate","name":"NotFoundException"}
2026-01-07T05:12:55.282Z - Path: /%20accountant%20/%20companies%20/%20695b0cd78cff34f12764d2b5/impersonate - Status: 404 - Error: {"response":{"message":"Cannot POST /%20accountant%20/%20companies%20/%20695b0cd78cff34f12764d2b5/impersonate","error":"Not Found","statusCode":404},"status":404,"options":{},"message":"Cannot POST /%20accountant%20/%20companies%20/%20695b0cd78cff34f12764d2b5/impersonate","name":"NotFoundException"}
2026-01-07T05:13:13.685Z - Path: /accountant/companies - Status: 401 - Error: {"response":{"message":"Unauthorized","statusCode":401},"status":401,"options":{},"message":"Unauthorized","name":"UnauthorizedException"}
2026-01-07T05:13:53.247Z - Path: /%20accountant%20/%20companies%20/%20695b0cd78cff34f12764d2b5/impersonate - Status: 404 - Error: {"response":{"message":"Cannot POST /%20accountant%20/%20companies%20/%20695b0cd78cff34f12764d2b5/impersonate","error":"Not Found","statusCode":404},"status":404,"options":{},"message":"Cannot POST /%20accountant%20/%20companies%20/%20695b0cd78cff34f12764d2b5/impersonate","name":"NotFoundException"}
2026-01-07T05:14:00.141Z - Path: /%20accountant%20/%20companies%20/%20695b0cd78cff34f12764d2b5/impersonate - Status: 404 - Error: {"response":{"message":"Cannot POST /%20accountant%20/%20companies%20/%20695b0cd78cff34f12764d2b5/impersonate","error":"Not Found","statusCode":404},"status":404,"options":{},"message":"Cannot POST /%20accountant%20/%20companies%20/%20695b0cd78cff34f12764d2b5/impersonate","name":"NotFoundException"}
2026-01-07T05:14:39.123Z - Path: / - Status: 404 - Error: {"response":{"message":"Cannot GET /","error":"Not Found","statusCode":404},"status":404,"options":{},"message":"Cannot GET /","name":"NotFoundException"}
2026-01-07T05:14:39.946Z - Path: /%20accountant%20/%20companies%20/%20695b0cd78cff34f12764d2b5/impersonate - Status: 404 - Error: {"response":{"message":"Cannot POST /%20accountant%20/%20companies%20/%20695b0cd78cff34f12764d2b5/impersonate","error":"Not Found","statusCode":404},"status":404,"options":{},"message":"Cannot POST /%20accountant%20/%20companies%20/%20695b0cd78cff34f12764d2b5/impersonate","name":"NotFoundException"}
2026-01-07T05:14:44.072Z - Path: /accountant/companies/695b0cd78cff34f12764d2b5 - Status: 404 - Error: {"response":{"message":"Cannot GET /accountant/companies/695b0cd78cff34f12764d2b5","error":"Not Found","statusCode":404},"status":404,"options":{},"message":"Cannot GET /accountant/companies/695b0cd78cff34f12764d2b5","name":"NotFoundException"}
2026-01-07T05:14:44.078Z - Path: /accountant/companies/695b0cd78cff34f12764d2b5/expenses - Status: 404 - Error: {"response":{"message":"Cannot GET /accountant/companies/695b0cd78cff34f12764d2b5/expenses","error":"Not Found","statusCode":404},"status":404,"options":{},"message":"Cannot GET /accountant/companies/695b0cd78cff34f12764d2b5/expenses","name":"NotFoundException"}
2026-01-07T05:15:22.351Z - Path: /accountant/companies/695b0cd78cff34f12764d2b5 - Status: 404 - Error: {"response":{"message":"Cannot GET /accountant/companies/695b0cd78cff34f12764d2b5","error":"Not Found","statusCode":404},"status":404,"options":{},"message":"Cannot GET /accountant/companies/695b0cd78cff34f12764d2b5","name":"NotFoundException"}
2026-01-07T05:15:22.361Z - Path: /accountant/companies/695b0cd78cff34f12764d2b5/expenses - Status: 404 - Error: {"response":{"message":"Cannot GET /accountant/companies/695b0cd78cff34f12764d2b5/expenses","error":"Not Found","statusCode":404},"status":404,"options":{},"message":"Cannot GET /accountant/companies/695b0cd78cff34f12764d2b5/expenses","name":"NotFoundException"}
2026-01-07T05:15:39.949Z - Path: /accountant/companies/695b0cd78cff34f12764d2b5 - Status: 404 - Error: {"response":{"message":"Cannot GET /accountant/companies/695b0cd78cff34f12764d2b5","error":"Not Found","statusCode":404},"status":404,"options":{},"message":"Cannot GET /accountant/companies/695b0cd78cff34f12764d2b5","name":"NotFoundException"}
2026-01-07T05:15:39.953Z - Path: /accountant/companies/695b0cd78cff34f12764d2b5/expenses - Status: 404 - Error: {"response":{"message":"Cannot GET /accountant/companies/695b0cd78cff34f12764d2b5/expenses","error":"Not Found","statusCode":404},"status":404,"options":{},"message":"Cannot GET /accountant/companies/695b0cd78cff34f12764d2b5/expenses","name":"NotFoundException"}
2026-01-07T05:16:02.790Z - Path: /accountant/companies/695b0cd78cff34f12764d2b5 - Status: 404 - Error: {"response":{"message":"Cannot GET /accountant/companies/695b0cd78cff34f12764d2b5","error":"Not Found","statusCode":404},"status":404,"options":{},"message":"Cannot GET /accountant/companies/695b0cd78cff34f12764d2b5","name":"NotFoundException"}
2026-01-07T05:16:02.795Z - Path: /accountant/companies/695b0cd78cff34f12764d2b5/expenses - Status: 404 - Error: {"response":{"message":"Cannot GET /accountant/companies/695b0cd78cff34f12764d2b5/expenses","error":"Not Found","statusCode":404},"status":404,"options":{},"message":"Cannot GET /accountant/companies/695b0cd78cff34f12764d2b5/expenses","name":"NotFoundException"}
2026-01-07T05:16:04.073Z - Path: /accountant/companies/695b0cd78cff34f12764d2b5 - Status: 404 - Error: {"response":{"message":"Cannot GET /accountant/companies/695b0cd78cff34f12764d2b5","error":"Not Found","statusCode":404},"status":404,"options":{},"message":"Cannot GET /accountant/companies/695b0cd78cff34f12764d2b5","name":"NotFoundException"}
2026-01-07T05:16:04.078Z - Path: /accountant/companies/695b0cd78cff34f12764d2b5/expenses - Status: 404 - Error: {"response":{"message":"Cannot GET /accountant/companies/695b0cd78cff34f12764d2b5/expenses","error":"Not Found","statusCode":404},"status":404,"options":{},"message":"Cannot GET /accountant/companies/695b0cd78cff34f12764d2b5/expenses","name":"NotFoundException"}
2026-01-07T05:16:05.202Z - Path: /accountant/companies/695b0cd78cff34f12764d2b5 - Status: 404 - Error: {"response":{"message":"Cannot GET /accountant/companies/695b0cd78cff34f12764d2b5","error":"Not Found","statusCode":404},"status":404,"options":{},"message":"Cannot GET /accountant/companies/695b0cd78cff34f12764d2b5","name":"NotFoundException"}
2026-01-07T05:16:05.205Z - Path: /accountant/companies/695b0cd78cff34f12764d2b5/expenses - Status: 404 - Error: {"response":{"message":"Cannot GET /accountant/companies/695b0cd78cff34f12764d2b5/expenses","error":"Not Found","statusCode":404},"status":404,"options":{},"message":"Cannot GET /accountant/companies/695b0cd78cff34f12764d2b5/expenses","name":"NotFoundException"}
2026-01-07T05:16:06.317Z - Path: /accountant/companies/695b0cd78cff34f12764d2b5 - Status: 404 - Error: {"response":{"message":"Cannot GET /accountant/companies/695b0cd78cff34f12764d2b5","error":"Not Found","statusCode":404},"status":404,"options":{},"message":"Cannot GET /accountant/companies/695b0cd78cff34f12764d2b5","name":"NotFoundException"}
2026-01-07T05:16:06.319Z - Path: /accountant/companies/695b0cd78cff34f12764d2b5/expenses - Status: 404 - Error: {"response":{"message":"Cannot GET /accountant/companies/695b0cd78cff34f12764d2b5/expenses","error":"Not Found","statusCode":404},"status":404,"options":{},"message":"Cannot GET /accountant/companies/695b0cd78cff34f12764d2b5/expenses","name":"NotFoundException"}
2026-01-07T05:16:07.384Z - Path: /accountant/companies/695b0cd78cff34f12764d2b5 - Status: 404 - Error: {"response":{"message":"Cannot GET /accountant/companies/695b0cd78cff34f12764d2b5","error":"Not Found","statusCode":404},"status":404,"options":{},"message":"Cannot GET /accountant/companies/695b0cd78cff34f12764d2b5","name":"NotFoundException"}
2026-01-07T05:16:07.386Z - Path: /accountant/companies/695b0cd78cff34f12764d2b5/expenses - Status: 404 - Error: {"response":{"message":"Cannot GET /accountant/companies/695b0cd78cff34f12764d2b5/expenses","error":"Not Found","statusCode":404},"status":404,"options":{},"message":"Cannot GET /accountant/companies/695b0cd78cff34f12764d2b5/expenses","name":"NotFoundException"}
2026-01-07T05:16:08.438Z - Path: /accountant/companies/695b0cd78cff34f12764d2b5 - Status: 404 - Error: {"response":{"message":"Cannot GET /accountant/companies/695b0cd78cff34f12764d2b5","error":"Not Found","statusCode":404},"status":404,"options":{},"message":"Cannot GET /accountant/companies/695b0cd78cff34f12764d2b5","name":"NotFoundException"}
2026-01-07T05:16:08.441Z - Path: /accountant/companies/695b0cd78cff34f12764d2b5/expenses - Status: 404 - Error: {"response":{"message":"Cannot GET /accountant/companies/695b0cd78cff34f12764d2b5/expenses","error":"Not Found","statusCode":404},"status":404,"options":{},"message":"Cannot GET /accountant/companies/695b0cd78cff34f12764d2b5/expenses","name":"NotFoundException"}
2026-01-07T05:16:09.593Z - Path: /accountant/companies/695b0cd78cff34f12764d2b5 - Status: 404 - Error: {"response":{"message":"Cannot GET /accountant/companies/695b0cd78cff34f12764d2b5","error":"Not Found","statusCode":404},"status":404,"options":{},"message":"Cannot GET /accountant/companies/695b0cd78cff34f12764d2b5","name":"NotFoundException"}
2026-01-07T05:16:09.597Z - Path: /accountant/companies/695b0cd78cff34f12764d2b5/expenses - Status: 404 - Error: {"response":{"message":"Cannot GET /accountant/companies/695b0cd78cff34f12764d2b5/expenses","error":"Not Found","statusCode":404},"status":404,"options":{},"message":"Cannot GET /accountant/companies/695b0cd78cff34f12764d2b5/expenses","name":"NotFoundException"}
2026-01-07T05:16:10.614Z - Path: /accountant/companies/695b0cd78cff34f12764d2b5 - Status: 404 - Error: {"response":{"message":"Cannot GET /accountant/companies/695b0cd78cff34f12764d2b5","error":"Not Found","statusCode":404},"status":404,"options":{},"message":"Cannot GET /accountant/companies/695b0cd78cff34f12764d2b5","name":"NotFoundException"}
2026-01-07T05:16:10.617Z - Path: /accountant/companies/695b0cd78cff34f12764d2b5/expenses - Status: 404 - Error: {"response":{"message":"Cannot GET /accountant/companies/695b0cd78cff34f12764d2b5/expenses","error":"Not Found","statusCode":404},"status":404,"options":{},"message":"Cannot GET /accountant/companies/695b0cd78cff34f12764d2b5/expenses","name":"NotFoundException"}
2026-01-07T05:16:11.710Z - Path: /accountant/companies/695b0cd78cff34f12764d2b5 - Status: 404 - Error: {"response":{"message":"Cannot GET /accountant/companies/695b0cd78cff34f12764d2b5","error":"Not Found","statusCode":404},"status":404,"options":{},"message":"Cannot GET /accountant/companies/695b0cd78cff34f12764d2b5","name":"NotFoundException"}
2026-01-07T05:16:11.715Z - Path: /accountant/companies/695b0cd78cff34f12764d2b5/expenses - Status: 404 - Error: {"response":{"message":"Cannot GET /accountant/companies/695b0cd78cff34f12764d2b5/expenses","error":"Not Found","statusCode":404},"status":404,"options":{},"message":"Cannot GET /accountant/companies/695b0cd78cff34f12764d2b5/expenses","name":"NotFoundException"}
2026-01-07T05:16:12.670Z - Path: /accountant/companies/695b0cd78cff34f12764d2b5 - Status: 404 - Error: {"response":{"message":"Cannot GET /accountant/companies/695b0cd78cff34f12764d2b5","error":"Not Found","statusCode":404},"status":404,"options":{},"message":"Cannot GET /accountant/companies/695b0cd78cff34f12764d2b5","name":"NotFoundException"}
2026-01-07T05:16:12.674Z - Path: /accountant/companies/695b0cd78cff34f12764d2b5/expenses - Status: 404 - Error: {"response":{"message":"Cannot GET /accountant/companies/695b0cd78cff34f12764d2b5/expenses","error":"Not Found","statusCode":404},"status":404,"options":{},"message":"Cannot GET /accountant/companies/695b0cd78cff34f12764d2b5/expenses","name":"NotFoundException"}
2026-01-07T05:16:14.201Z - Path: /accountant/companies/695b0cd78cff34f12764d2b5 - Status: 404 - Error: {"response":{"message":"Cannot GET /accountant/companies/695b0cd78cff34f12764d2b5","error":"Not Found","statusCode":404},"status":404,"options":{},"message":"Cannot GET /accountant/companies/695b0cd78cff34f12764d2b5","name":"NotFoundException"}
2026-01-07T05:16:14.205Z - Path: /accountant/companies/695b0cd78cff34f12764d2b5/expenses - Status: 404 - Error: {"response":{"message":"Cannot GET /accountant/companies/695b0cd78cff34f12764d2b5/expenses","error":"Not Found","statusCode":404},"status":404,"options":{},"message":"Cannot GET /accountant/companies/695b0cd78cff34f12764d2b5/expenses","name":"NotFoundException"}
2026-01-07T05:16:17.518Z - Path: /%20accountant%20/%20companies%20/%20695b0cd78cff34f12764d2b5/impersonate - Status: 404 - Error: {"response":{"message":"Cannot POST /%20accountant%20/%20companies%20/%20695b0cd78cff34f12764d2b5/impersonate","error":"Not Found","statusCode":404},"status":404,"options":{},"message":"Cannot POST /%20accountant%20/%20companies%20/%20695b0cd78cff34f12764d2b5/impersonate","name":"NotFoundException"}
2026-01-07T05:16:31.461Z - Path: /accountant/companies/695b0cd78cff34f12764d2b5/expenses - Status: 404 - Error: {"response":{"message":"Cannot GET /accountant/companies/695b0cd78cff34f12764d2b5/expenses","error":"Not Found","statusCode":404},"status":404,"options":{},"message":"Cannot GET /accountant/companies/695b0cd78cff34f12764d2b5/expenses","name":"NotFoundException"}
2026-01-07T05:16:41.008Z - Path: /accountant/companies/695b0cd78cff34f12764d2b5/expenses - Status: 404 - Error: {"response":{"message":"Cannot GET /accountant/companies/695b0cd78cff34f12764d2b5/expenses","error":"Not Found","statusCode":404},"status":404,"options":{},"message":"Cannot GET /accountant/companies/695b0cd78cff34f12764d2b5/expenses","name":"NotFoundException"}
2026-01-07T05:16:42.360Z - Path: /accountant/companies/695b0cd78cff34f12764d2b5/expenses - Status: 404 - Error: {"response":{"message":"Cannot GET /accountant/companies/695b0cd78cff34f12764d2b5/expenses","error":"Not Found","statusCode":404},"status":404,"options":{},"message":"Cannot GET /accountant/companies/695b0cd78cff34f12764d2b5/expenses","name":"NotFoundException"}
2026-01-07T05:16:44.899Z - Path: /accountant/companies/695b0cd78cff34f12764d2b5/expenses - Status: 404 - Error: {"response":{"message":"Cannot GET /accountant/companies/695b0cd78cff34f12764d2b5/expenses","error":"Not Found","statusCode":404},"status":404,"options":{},"message":"Cannot GET /accountant/companies/695b0cd78cff34f12764d2b5/expenses","name":"NotFoundException"}
2026-01-07T05:16:59.079Z - Path: /accountant/companies/695b0cd78cff34f12764d2b5/expenses - Status: 404 - Error: {"response":{"message":"Cannot GET /accountant/companies/695b0cd78cff34f12764d2b5/expenses","error":"Not Found","statusCode":404},"status":404,"options":{},"message":"Cannot GET /accountant/companies/695b0cd78cff34f12764d2b5/expenses","name":"NotFoundException"}
2026-01-07T05:17:33.826Z - Path: /accountant/companies/695b0cd78cff34f12764d2b5/expenses - Status: 404 - Error: {"response":{"message":"Cannot GET /accountant/companies/695b0cd78cff34f12764d2b5/expenses","error":"Not Found","statusCode":404},"status":404,"options":{},"message":"Cannot GET /accountant/companies/695b0cd78cff34f12764d2b5/expenses","name":"NotFoundException"}
2026-01-07T05:17:55.099Z - Path: /%20accountant%20/%20companies%20/%20695b0cd78cff34f12764d2b5/impersonate - Status: 404 - Error: {"response":{"message":"Cannot POST /%20accountant%20/%20companies%20/%20695b0cd78cff34f12764d2b5/impersonate","error":"Not Found","statusCode":404},"status":404,"options":{},"message":"Cannot POST /%20accountant%20/%20companies%20/%20695b0cd78cff34f12764d2b5/impersonate","name":"NotFoundException"}
2026-01-07T05:18:07.510Z - Path: /%20accountant%20/%20companies%20/%20695b0cd78cff34f12764d2b5/impersonate - Status: 404 - Error: {"response":{"message":"Cannot POST /%20accountant%20/%20companies%20/%20695b0cd78cff34f12764d2b5/impersonate","error":"Not Found","statusCode":404},"status":404,"options":{},"message":"Cannot POST /%20accountant%20/%20companies%20/%20695b0cd78cff34f12764d2b5/impersonate","name":"NotFoundException"}
2026-01-07T05:18:52.931Z - Path: /%20accountant%20/%20companies%20/%20695b0cd78cff34f12764d2b5/impersonate - Status: 404 - Error: {"response":{"message":"Cannot POST /%20accountant%20/%20companies%20/%20695b0cd78cff34f12764d2b5/impersonate","error":"Not Found","statusCode":404},"status":404,"options":{},"message":"Cannot POST /%20accountant%20/%20companies%20/%20695b0cd78cff34f12764d2b5/impersonate","name":"NotFoundException"}
2026-01-07T05:19:36.766Z - Path: /accountant/companies/695b0cd78cff34f12764d2b5/expenses/695dd996a5dfcc02be167542/status - Status: 404 - Error: {"response":{"message":"Cannot PATCH /accountant/companies/695b0cd78cff34f12764d2b5/expenses/695dd996a5dfcc02be167542/status","error":"Not Found","statusCode":404},"status":404,"options":{},"message":"Cannot PATCH /accountant/companies/695b0cd78cff34f12764d2b5/expenses/695dd996a5dfcc02be167542/status","name":"NotFoundException"}
2026-01-07T05:19:49.684Z - Path: /%20accountant%20/%20companies%20/%20695b0cd78cff34f12764d2b5/impersonate - Status: 404 - Error: {"response":{"message":"Cannot POST /%20accountant%20/%20companies%20/%20695b0cd78cff34f12764d2b5/impersonate","error":"Not Found","statusCode":404},"status":404,"options":{},"message":"Cannot POST /%20accountant%20/%20companies%20/%20695b0cd78cff34f12764d2b5/impersonate","name":"NotFoundException"}
2026-01-07T05:20:38.611Z - Path: /accountant/companies - Status: 401 - Error: {"response":{"message":"Unauthorized","statusCode":401},"status":401,"options":{},"message":"Unauthorized","name":"UnauthorizedException"}
2026-01-07T05:20:49.491Z - Path: /accounting/custom/fec/695b0cd78cff34f12764d2b5?year=2026 - Status: 401 - Error: {"response":{"message":"Unauthorized","statusCode":401},"status":401,"options":{},"message":"Unauthorized","name":"UnauthorizedException"}
2026-01-07T05:20:49.538Z - Path: /favicon.ico - Status: 404 - Error: {"response":{"message":"Cannot GET /favicon.ico","error":"Not Found","statusCode":404},"status":404,"options":{},"message":"Cannot GET /favicon.ico","name":"NotFoundException"}
2026-01-07T05:20:58.753Z - Path: /accountant/companies/695b0cd78cff34f12764d2b5/impersonate - Status: 404 - Error: {"response":{"message":"Access Denied","error":"Not Found","statusCode":404},"status":404,"options":{},"message":"Access Denied","name":"NotFoundException"}
2026-01-07T05:21:20.586Z - Path: /%20accountant%20/%20companies%20/%20695b0cd78cff34f12764d2b5/impersonate - Status: 404 - Error: {"response":{"message":"Cannot POST /%20accountant%20/%20companies%20/%20695b0cd78cff34f12764d2b5/impersonate","error":"Not Found","statusCode":404},"status":404,"options":{},"message":"Cannot POST /%20accountant%20/%20companies%20/%20695b0cd78cff34f12764d2b5/impersonate","name":"NotFoundException"}
2026-01-07T05:22:04.222Z - Path: /%20accountant%20/%20companies%20/%20695b0cd78cff34f12764d2b5/impersonate - Status: 404 - Error: {"response":{"message":"Cannot POST /%20accountant%20/%20companies%20/%20695b0cd78cff34f12764d2b5/impersonate","error":"Not Found","statusCode":404},"status":404,"options":{},"message":"Cannot POST /%20accountant%20/%20companies%20/%20695b0cd78cff34f12764d2b5/impersonate","name":"NotFoundException"}
2026-01-07T05:23:20.167Z - Path: /%20accountant%20/%20companies%20/%20695b0cd78cff34f12764d2b5/impersonate - Status: 404 - Error: {"response":{"message":"Cannot POST /%20accountant%20/%20companies%20/%20695b0cd78cff34f12764d2b5/impersonate","error":"Not Found","statusCode":404},"status":404,"options":{},"message":"Cannot POST /%20accountant%20/%20companies%20/%20695b0cd78cff34f12764d2b5/impersonate","name":"NotFoundException"}
2026-01-07T05:23:33.045Z - Path: /accountant/companies/695b0cd78cff34f12764d2b5/impersonate - Status: 404 - Error: {"response":{"message":"Access Denied","error":"Not Found","statusCode":404},"status":404,"options":{},"message":"Access Denied","name":"NotFoundException"}
2026-01-07T05:26:55.736Z - Path: /%20accountant%20/%20companies%20/%20695b0cd78cff34f12764d2b5/impersonate - Status: 404 - Error: {"response":{"message":"Cannot POST /%20accountant%20/%20companies%20/%20695b0cd78cff34f12764d2b5/impersonate","error":"Not Found","statusCode":404},"status":404,"options":{},"message":"Cannot POST /%20accountant%20/%20companies%20/%20695b0cd78cff34f12764d2b5/impersonate","name":"NotFoundException"}
2026-01-07T05:27:40.143Z - Path: /%20accountant%20/%20companies%20/%20695b0cd78cff34f12764d2b5/impersonate - Status: 404 - Error: {"response":{"message":"Cannot POST /%20accountant%20/%20companies%20/%20695b0cd78cff34f12764d2b5/impersonate","error":"Not Found","statusCode":404},"status":404,"options":{},"message":"Cannot POST /%20accountant%20/%20companies%20/%20695b0cd78cff34f12764d2b5/impersonate","name":"NotFoundException"}
2026-01-07T05:27:56.435Z - Path: /%20accountant%20/%20companies%20/%20695b0cd78cff34f12764d2b5/impersonate - Status: 404 - Error: {"response":{"message":"Cannot POST /%20accountant%20/%20companies%20/%20695b0cd78cff34f12764d2b5/impersonate","error":"Not Found","statusCode":404},"status":404,"options":{},"message":"Cannot POST /%20accountant%20/%20companies%20/%20695b0cd78cff34f12764d2b5/impersonate","name":"NotFoundException"}
2026-01-07T05:28:02.520Z - Path: /%20accountant%20/%20companies%20/%20695b0cd78cff34f12764d2b5/impersonate - Status: 404 - Error: {"response":{"message":"Cannot POST /%20accountant%20/%20companies%20/%20695b0cd78cff34f12764d2b5/impersonate","error":"Not Found","statusCode":404},"status":404,"options":{},"message":"Cannot POST /%20accountant%20/%20companies%20/%20695b0cd78cff34f12764d2b5/impersonate","name":"NotFoundException"}
2026-01-07T05:28:18.921Z - Path: /%20accountant%20/%20companies%20/%20695af92459b67ea53e53f259/impersonate - Status: 404 - Error: {"response":{"message":"Cannot POST /%20accountant%20/%20companies%20/%20695af92459b67ea53e53f259/impersonate","error":"Not Found","statusCode":404},"status":404,"options":{},"message":"Cannot POST /%20accountant%20/%20companies%20/%20695af92459b67ea53e53f259/impersonate","name":"NotFoundException"}
2026-01-07T05:28:51.875Z - Path: /%20accountant%20/%20companies%20/%20695b0cd78cff34f12764d2b5/impersonate - Status: 404 - Error: {"response":{"message":"Cannot POST /%20accountant%20/%20companies%20/%20695b0cd78cff34f12764d2b5/impersonate","error":"Not Found","statusCode":404},"status":404,"options":{},"message":"Cannot POST /%20accountant%20/%20companies%20/%20695b0cd78cff34f12764d2b5/impersonate","name":"NotFoundException"}
2026-01-07T05:29:03.555Z - Path: /%20accountant%20/%20companies%20/%20695b0cd78cff34f12764d2b5/impersonate - Status: 404 - Error: {"response":{"message":"Cannot POST /%20accountant%20/%20companies%20/%20695b0cd78cff34f12764d2b5/impersonate","error":"Not Found","statusCode":404},"status":404,"options":{},"message":"Cannot POST /%20accountant%20/%20companies%20/%20695b0cd78cff34f12764d2b5/impersonate","name":"NotFoundException"}
2026-01-07T05:29:09.620Z - Path: /accountant/companies/695b0cd78cff34f12764d2b5/impersonate - Status: 404 - Error: {"response":{"message":"Access Denied","error":"Not Found","statusCode":404},"status":404,"options":{},"message":"Access Denied","name":"NotFoundException"}
2026-01-07T05:29:46.891Z - Path: /accountant/companies/695b0cd78cff34f12764d2b5/impersonate - Status: 404 - Error: {"response":{"message":"Access Denied","error":"Not Found","statusCode":404},"status":404,"options":{},"message":"Access Denied","name":"NotFoundException"}
2026-01-07T05:29:48.052Z - Path: /accountant/companies/695b0cd78cff34f12764d2b5/impersonate - Status: 404 - Error: {"response":{"message":"Access Denied","error":"Not Found","statusCode":404},"status":404,"options":{},"message":"Access Denied","name":"NotFoundException"}
2026-01-07T05:30:07.553Z - Path: /accountant/companies/695b0cd78cff34f12764d2b5/impersonate - Status: 404 - Error: {"response":{"message":"Access Denied","error":"Not Found","statusCode":404},"status":404,"options":{},"message":"Access Denied","name":"NotFoundException"}
2026-01-07T05:30:19.882Z - Path: /accountant/companies/695b0cd78cff34f12764d2b5/impersonate - Status: 404 - Error: {"response":{"message":"Access Denied","error":"Not Found","statusCode":404},"status":404,"options":{},"message":"Access Denied","name":"NotFoundException"}
2026-01-07T05:31:22.144Z - Path: /accountant/companies/dashboard/stats - Status: 401 - Error: {"response":{"message":"Unauthorized","statusCode":401},"status":401,"options":{},"message":"Unauthorized","name":"UnauthorizedException"}
2026-01-07T05:31:23.318Z - Path: /accountant/companies/dashboard/stats - Status: 401 - Error: {"response":{"message":"Unauthorized","statusCode":401},"status":401,"options":{},"message":"Unauthorized","name":"UnauthorizedException"}
2026-01-07T05:31:54.517Z - Path: /accountant/companies/695b0cd78cff34f12764d2b5/impersonate - Status: 404 - Error: {"response":{"message":"Access Denied","error":"Not Found","statusCode":404},"status":404,"options":{},"message":"Access Denied","name":"NotFoundException"}
2026-01-07T05:32:39.180Z - Path: /accountant/companies/695b0cd78cff34f12764d2b5/impersonate - Status: 404 - Error: {"response":{"message":"Access Denied","error":"Not Found","statusCode":404},"status":404,"options":{},"message":"Access Denied","name":"NotFoundException"}
2026-01-07T05:33:12.594Z - Path: /accountant/companies/695b0cd78cff34f12764d2b5/impersonate - Status: 404 - Error: {"response":{"message":"Access Denied","error":"Not Found","statusCode":404},"status":404,"options":{},"message":"Access Denied","name":"NotFoundException"}
2026-01-07T05:33:35.976Z - Path: /accountant/companies/695b0cd78cff34f12764d2b5/impersonate - Status: 404 - Error: {"response":{"message":"Access Denied","error":"Not Found","statusCode":404},"status":404,"options":{},"message":"Access Denied","name":"NotFoundException"}
2026-01-07T05:33:40.383Z - Path: /accountant/companies/695b0cd78cff34f12764d2b5/impersonate - Status: 404 - Error: {"response":{"message":"Access Denied","error":"Not Found","statusCode":404},"status":404,"options":{},"message":"Access Denied","name":"NotFoundException"}
2026-01-07T05:34:55.216Z - Path: /accountant/companies/695b0cd78cff34f12764d2b5/impersonate - Status: 404 - Error: {"response":{"message":"Access Denied","error":"Not Found","statusCode":404},"status":404,"options":{},"message":"Access Denied","name":"NotFoundException"}
2026-01-07T05:35:52.566Z - Path: /dashboard - Status: 404 - Error: {"response":{"message":"Cannot GET /dashboard","error":"Not Found","statusCode":404},"status":404,"options":{},"message":"Cannot GET /dashboard","name":"NotFoundException"}
2026-01-07T05:35:52.613Z - Path: /favicon.ico - Status: 404 - Error: {"response":{"message":"Cannot GET /favicon.ico","error":"Not Found","statusCode":404},"status":404,"options":{},"message":"Cannot GET /favicon.ico","name":"NotFoundException"}
2026-01-07T05:36:00.129Z - Path: /accountant/companies/695b0cd78cff34f12764d2b5/impersonate - Status: 404 - Error: {"response":{"message":"Access Denied","error":"Not Found","statusCode":404},"status":404,"options":{},"message":"Access Denied","name":"NotFoundException"}
2026-01-07T05:37:13.163Z - Path: /accountant/companies/695b0cd78cff34f12764d2b5/impersonate - Status: 404 - Error: {"response":{"message":"Access Denied","error":"Not Found","statusCode":404},"status":404,"options":{},"message":"Access Denied","name":"NotFoundException"}
2026-01-07T05:37:50.628Z - Path: /accountant/companies/dashboard/stats - Status: 401 - Error: {"response":{"message":"Unauthorized","statusCode":401},"status":401,"options":{},"message":"Unauthorized","name":"UnauthorizedException"}
2026-01-07T05:37:54.006Z - Path: /accountant/companies/dashboard/stats - Status: 401 - Error: {"response":{"message":"Unauthorized","statusCode":401},"status":401,"options":{},"message":"Unauthorized","name":"UnauthorizedException"}
2026-01-07T05:38:01.263Z - Path: /accountant/companies/695b0cd78cff34f12764d2b5/impersonate - Status: 404 - Error: {"response":{"message":"Access Denied","error":"Not Found","statusCode":404},"status":404,"options":{},"message":"Access Denied","name":"NotFoundException"}
2026-01-07T05:38:53.254Z - Path: /accountant/companies/695b0cd78cff34f12764d2b5/impersonate - Status: 404 - Error: {"response":{"message":"Access Denied","error":"Not Found","statusCode":404},"status":404,"options":{},"message":"Access Denied","name":"NotFoundException"}
2026-01-07T05:39:51.964Z - Path: /accountant/companies/695b0cd78cff34f12764d2b5/impersonate - Status: 404 - Error: {"response":{"message":"Access Denied","error":"Not Found","statusCode":404},"status":404,"options":{},"message":"Access Denied","name":"NotFoundException"}
2026-01-07T05:39:58.794Z - Path: /accountant/companies/695b0cd78cff34f12764d2b5/impersonate - Status: 404 - Error: {"response":{"message":"Access Denied","error":"Not Found","statusCode":404},"status":404,"options":{},"message":"Access Denied","name":"NotFoundException"}
2026-01-07T05:40:07.691Z - Path: /accountant/companies/695af92459b67ea53e53f259/impersonate - Status: 404 - Error: {"response":{"message":"Access Denied","error":"Not Found","statusCode":404},"status":404,"options":{},"message":"Access Denied","name":"NotFoundException"}
2026-01-07T05:40:20.681Z - Path: /accountant/companies/695b0cd78cff34f12764d2b5/impersonate - Status: 404 - Error: {"response":{"message":"Access Denied","error":"Not Found","statusCode":404},"status":404,"options":{},"message":"Access Denied","name":"NotFoundException"}
2026-01-07T05:40:58.720Z - Path: /accountant/companies/695b0cd78cff34f12764d2b5/impersonate - Status: 404 - Error: {"response":{"message":"Access Denied","error":"Not Found","statusCode":404},"status":404,"options":{},"message":"Access Denied","name":"NotFoundException"}
2026-01-07T05:41:46.257Z - Path: /accountant/companies/695b0cd78cff34f12764d2b5/impersonate - Status: 404 - Error: {"response":{"message":"Access Denied","error":"Not Found","statusCode":404},"status":404,"options":{},"message":"Access Denied","name":"NotFoundException"}
2026-01-07T05:42:37.821Z - Path: /accountant/companies/695b0cd78cff34f12764d2b5/impersonate - Status: 404 - Error: {"response":{"message":"Access Denied","error":"Not Found","statusCode":404},"status":404,"options":{},"message":"Access Denied","name":"NotFoundException"}
2026-01-07T05:44:38.010Z - Path: /dashboard - Status: 404 - Error: {"response":{"message":"Cannot GET /dashboard","error":"Not Found","statusCode":404},"status":404,"options":{},"message":"Cannot GET /dashboard","name":"NotFoundException"}
2026-01-07T05:44:38.054Z - Path: /favicon.ico - Status: 404 - Error: {"response":{"message":"Cannot GET /favicon.ico","error":"Not Found","statusCode":404},"status":404,"options":{},"message":"Cannot GET /favicon.ico","name":"NotFoundException"}
2026-01-07T06:04:24.362Z - Path: /dashboard - Status: 404 - Error: {"response":{"message":"Cannot GET /dashboard","error":"Not Found","statusCode":404},"status":404,"options":{},"message":"Cannot GET /dashboard","name":"NotFoundException"}
2026-01-07T06:04:24.416Z - Path: /favicon.ico - Status: 404 - Error: {"response":{"message":"Cannot GET /favicon.ico","error":"Not Found","statusCode":404},"status":404,"options":{},"message":"Cannot GET /favicon.ico","name":"NotFoundException"}
2026-01-07T22:59:44.217Z - Path: /api-keys - Status: 401 - Error: {"response":{"message":"Unauthorized","statusCode":401},"status":401,"options":{},"message":"Unauthorized","name":"UnauthorizedException"}
2026-01-07T22:59:44.222Z - Path: /api-keys - Status: 401 - Error: {"response":{"message":"Unauthorized","statusCode":401},"status":401,"options":{},"message":"Unauthorized","name":"UnauthorizedException"}
2026-01-07T22:59:55.965Z - Path: /api-keys - Status: 401 - Error: {"response":{"message":"Unauthorized","statusCode":401},"status":401,"options":{},"message":"Unauthorized","name":"UnauthorizedException"}
2026-01-07T23:02:09.949Z - Path: /api-keys - Status: 401 - Error: {"response":{"message":"Unauthorized","statusCode":401},"status":401,"options":{},"message":"Unauthorized","name":"UnauthorizedException"}
2026-01-07T23:02:09.961Z - Path: /api-keys - Status: 401 - Error: {"response":{"message":"Unauthorized","statusCode":401},"status":401,"options":{},"message":"Unauthorized","name":"UnauthorizedException"}
2026-01-07T23:07:38.720Z - Path: /clients - Status: 500 - Error: {"name":"PrismaClientValidationError","clientVersion":"5.22.0"}
2026-01-07T23:07:38.751Z - Path: /clients - Status: 500 - Error: {"name":"PrismaClientValidationError","clientVersion":"5.22.0"}
2026-01-07T23:07:46.110Z - Path: /accounting/journal?limit=50 - Status: 404 - Error: {"response":{"message":"Cannot GET /accounting/journal?limit=50","error":"Not Found","statusCode":404},"status":404,"options":{},"message":"Cannot GET /accounting/journal?limit=50","name":"NotFoundException"}
2026-01-07T23:07:46.116Z - Path: /accounting/stats?year=2026 - Status: 404 - Error: {"response":{"message":"Cannot GET /accounting/stats?year=2026","error":"Not Found","statusCode":404},"status":404,"options":{},"message":"Cannot GET /accounting/stats?year=2026","name":"NotFoundException"}
2026-01-07T23:07:46.120Z - Path: /accounting/journal?limit=50 - Status: 404 - Error: {"response":{"message":"Cannot GET /accounting/journal?limit=50","error":"Not Found","statusCode":404},"status":404,"options":{},"message":"Cannot GET /accounting/journal?limit=50","name":"NotFoundException"}
2026-01-07T23:07:46.125Z - Path: /accounting/stats?year=2026 - Status: 404 - Error: {"response":{"message":"Cannot GET /accounting/stats?year=2026","error":"Not Found","statusCode":404},"status":404,"options":{},"message":"Cannot GET /accounting/stats?year=2026","name":"NotFoundException"}
2026-01-07T23:14:59.062Z - Path: /data-ops/export/invoices?format=xlsx - Status: 401 - Error: {"response":{"message":"Unauthorized","statusCode":401},"status":401,"options":{},"message":"Unauthorized","name":"UnauthorizedException"}
2026-01-07T23:15:01.179Z - Path: /data-ops/export/invoices?format=csv - Status: 401 - Error: {"response":{"message":"Unauthorized","statusCode":401},"status":401,"options":{},"message":"Unauthorized","name":"UnauthorizedException"}
2026-01-07T23:16:57.229Z - Path: /invoices/695bf4ffd5536b2810783683/pdf?format=xml - Status: 401 - Error: {"response":{"message":"Unauthorized","statusCode":401},"status":401,"options":{},"message":"Unauthorized","name":"UnauthorizedException"}
2026-01-07T23:17:22.329Z - Path: /dashboard - Status: 404 - Error: {"response":{"message":"Cannot GET /dashboard","error":"Not Found","statusCode":404},"status":404,"options":{},"message":"Cannot GET /dashboard","name":"NotFoundException"}
2026-01-07T23:17:22.478Z - Path: /favicon.ico - Status: 404 - Error: {"response":{"message":"Cannot GET /favicon.ico","error":"Not Found","statusCode":404},"status":404,"options":{},"message":"Cannot GET /favicon.ico","name":"NotFoundException"}
2026-01-07T23:18:14.086Z - Path: /invoices/695bf4ffd5536b2810783683/pdf?format=facturx - Status: 401 - Error: {"response":{"message":"Unauthorized","statusCode":401},"status":401,"options":{},"message":"Unauthorized","name":"UnauthorizedException"}
2026-01-07T23:19:56.034Z - Path: /invoices/695bf4ffd5536b2810783683/pdf?format=xml - Status: 401 - Error: {"response":{"message":"Unauthorized","statusCode":401},"status":401,"options":{},"message":"Unauthorized","name":"UnauthorizedException"}
2026-01-07T23:20:00.850Z - Path: /invoices/695be3a3103e46ad839cf6dc/pdf?format=facturx - Status: 401 - Error: {"response":{"message":"Unauthorized","statusCode":401},"status":401,"options":{},"message":"Unauthorized","name":"UnauthorizedException"}
2026-01-07T23:20:20.113Z - Path: /invoices/695bf4ffd5536b2810783683/pdf?format=facturx - Status: 401 - Error: {"response":{"message":"Unauthorized","statusCode":401},"status":401,"options":{},"message":"Unauthorized","name":"UnauthorizedException"}
2026-01-07T23:50:13.122Z - Path: /api-keys - Status: 401 - Error: {"response":{"message":"Unauthorized","statusCode":401},"status":401,"options":{},"message":"Unauthorized","name":"UnauthorizedException"}
2026-01-07T23:50:13.136Z - Path: /api-keys - Status: 401 - Error: {"response":{"message":"Unauthorized","statusCode":401},"status":401,"options":{},"message":"Unauthorized","name":"UnauthorizedException"}
2026-01-08T01:45:05.423Z - Path: /accounting/stats?year=2026 - Status: 404 - Error: {"response":{"message":"Cannot GET /accounting/stats?year=2026","error":"Not Found","statusCode":404},"status":404,"options":{},"message":"Cannot GET /accounting/stats?year=2026","name":"NotFoundException"}
2026-01-08T01:45:05.431Z - Path: /accounting/journal?limit=50 - Status: 404 - Error: {"response":{"message":"Cannot GET /accounting/journal?limit=50","error":"Not Found","statusCode":404},"status":404,"options":{},"message":"Cannot GET /accounting/journal?limit=50","name":"NotFoundException"}
2026-01-08T01:45:05.435Z - Path: /accounting/stats?year=2026 - Status: 404 - Error: {"response":{"message":"Cannot GET /accounting/stats?year=2026","error":"Not Found","statusCode":404},"status":404,"options":{},"message":"Cannot GET /accounting/stats?year=2026","name":"NotFoundException"}
2026-01-08T01:45:05.440Z - Path: /accounting/journal?limit=50 - Status: 404 - Error: {"response":{"message":"Cannot GET /accounting/journal?limit=50","error":"Not Found","statusCode":404},"status":404,"options":{},"message":"Cannot GET /accounting/journal?limit=50","name":"NotFoundException"}
